#
# There is insufficient memory for the Java Runtime Environment to continue.
# Native memory allocation (malloc) failed to allocate 536336 bytes for Chunk::new
# Possible reasons:
#   The system is out of physical RAM or swap space
#   In 32 bit mode, the process size limit was hit
# Possible solutions:
#   Reduce memory load on the system
#   Increase physical memory or swap space
#   Check if swap backing store is full
#   Use 64 bit Java on a 64 bit OS
#   Decrease Java heap size (-Xmx/-Xms)
#   Decrease number of Java threads
#   Decrease Java thread stack sizes (-Xss)
#   Set larger code cache with -XX:ReservedCodeCacheSize=
# This output file may be truncated or incomplete.
#
#  Out of Memory Error (allocation.cpp:390), pid=13760, tid=0x000000000000399c
#
# JRE version: OpenJDK Runtime Environment (8.0_152-b02) (build 1.8.0_152-release-1024-b02)
# Java VM: OpenJDK 64-Bit Server VM (25.152-b02 mixed mode windows-amd64 compressed oops)
# Failed to write core dump. Minidumps are not enabled by default on client versions of Windows
#

---------------  T H R E A D  ---------------

Current thread (0x00000000166cb800):  JavaThread "C2 CompilerThread0" daemon [_thread_in_native, id=14748, stack(0x0000000017d10000,0x0000000017e10000)]

Stack: [0x0000000017d10000,0x0000000017e10000]
[error occurred during error reporting (printing stack bounds), id 0xc0000005]

Native frames: (J=compiled Java code, j=interpreted, Vv=VM code, C=native code)


Current CompileTask:
C2:  28544 10317       4       com.android.tools.r8.graph.DexAnnotationDirectory::<init> (281 bytes)


---------------  P R O C E S S  ---------------

Java Threads: ( => current thread )
  0x000000001b68d000 JavaThread "ForkJoinPool-2-worker-0" daemon [_thread_blocked, id=13472, stack(0x0000000025000000,0x0000000025100000)]
  0x000000001b68e800 JavaThread "ForkJoinPool-2-worker-1" daemon [_thread_in_Java, id=9504, stack(0x0000000024f00000,0x0000000025000000)]
  0x000000001b690000 JavaThread "ForkJoinPool.commonPool-worker-3" daemon [_thread_blocked, id=10020, stack(0x0000000024600000,0x0000000024700000)]
  0x000000001b691800 JavaThread "ForkJoinPool.commonPool-worker-1" daemon [_thread_blocked, id=9484, stack(0x0000000024400000,0x0000000024500000)]
  0x0000000019bad000 JavaThread "Task worker for ':' Thread 3" [_thread_blocked, id=15348, stack(0x0000000023600000,0x0000000023700000)]
  0x0000000019b9f800 JavaThread "Task worker for ':' Thread 2" [_thread_blocked, id=9260, stack(0x0000000023500000,0x0000000023600000)]
  0x0000000019ba6800 JavaThread "Task worker for ':'" [_thread_blocked, id=10040, stack(0x0000000023400000,0x0000000023500000)]
  0x0000000019ba5800 JavaThread "Cache worker for Build Output Cleanup Cache (C:\Users\Administrator\Desktop\wrongparking\.gradle\buildOutputCleanup)" [_thread_blocked, id=11720, stack(0x0000000023300000,0x0000000023400000)]
  0x0000000019b9e000 JavaThread "Cache worker for task history cache (C:\Users\Administrator\Desktop\wrongparking\.gradle\4.4\taskHistory)" [_thread_blocked, id=12184, stack(0x0000000023200000,0x0000000023300000)]
  0x0000000019ba5000 JavaThread "Cache worker for file content cache (C:\Users\Administrator\Desktop\wrongparking\.gradle\4.4\fileContent)" [_thread_blocked, id=15176, stack(0x00000000226a0000,0x00000000227a0000)]
  0x0000000019ba2800 JavaThread "Memory manager" [_thread_blocked, id=11800, stack(0x0000000021910000,0x0000000021a10000)]
  0x0000000019181800 JavaThread "build operations Thread 4" [_thread_blocked, id=7720, stack(0x0000000021610000,0x0000000021710000)]
  0x0000000019180800 JavaThread "build operations Thread 3" [_thread_blocked, id=13424, stack(0x0000000021510000,0x0000000021610000)]
  0x0000000019180000 JavaThread "build operations Thread 2" [_thread_blocked, id=7308, stack(0x0000000021140000,0x0000000021240000)]
  0x000000001917f000 JavaThread "build operations" [_thread_blocked, id=15356, stack(0x000000001e8b0000,0x000000001e9b0000)]
  0x0000000019183000 JavaThread "Cache worker for Artifact transforms cache (C:\Users\Administrator\.gradle\caches\transforms-1)" [_thread_blocked, id=14176, stack(0x000000001d700000,0x000000001d800000)]
  0x000000001b2a5800 JavaThread "Cache worker for file hash cache (C:\Users\Administrator\Desktop\wrongparking\.gradle\4.4\fileHashes)" [_thread_blocked, id=13736, stack(0x000000001c230000,0x000000001c330000)]
  0x000000001973d000 JavaThread "File lock request listener" [_thread_in_native, id=9420, stack(0x000000001b160000,0x000000001b260000)]
  0x000000001973c000 JavaThread "Cache worker for file hash cache (C:\Users\Administrator\.gradle\caches\4.4\fileHashes)" [_thread_blocked, id=2432, stack(0x000000001b060000,0x000000001b160000)]
  0x00000000196d3000 JavaThread "Stdin handler" [_thread_blocked, id=5220, stack(0x000000001ad60000,0x000000001ae60000)]
  0x00000000194d9000 JavaThread "Asynchronous log dispatcher for DefaultDaemonConnection: socket connection from /127.0.0.1:56696 to /127.0.0.1:56698" [_thread_blocked, id=7280, stack(0x000000001ac60000,0x000000001ad60000)]
  0x00000000194d3000 JavaThread "Daemon worker" [_thread_blocked, id=8844, stack(0x000000001ab60000,0x000000001ac60000)]
  0x00000000194da000 JavaThread "Cancel handler" [_thread_blocked, id=9828, stack(0x000000001aa60000,0x000000001ab60000)]
  0x00000000194b5000 JavaThread "Handler for socket connection from /127.0.0.1:56696 to /127.0.0.1:56698" [_thread_in_native, id=3656, stack(0x000000001a760000,0x000000001a860000)]
  0x00000000194b1800 JavaThread "Daemon" [_thread_blocked, id=15236, stack(0x000000001a660000,0x000000001a760000)]
  0x000000001985c800 JavaThread "Daemon periodic checks" [_thread_blocked, id=1872, stack(0x000000001a560000,0x000000001a660000)]
  0x000000001985a800 JavaThread "Incoming local TCP Connector on port 56696" [_thread_in_native, id=2848, stack(0x000000001a320000,0x000000001a420000)]
  0x0000000018038800 JavaThread "Service Thread" daemon [_thread_blocked, id=2292, stack(0x0000000018410000,0x0000000018510000)]
  0x00000000166df000 JavaThread "C1 CompilerThread2" daemon [_thread_blocked, id=6028, stack(0x0000000017f10000,0x0000000018010000)]
  0x00000000166d0000 JavaThread "C2 CompilerThread1" daemon [_thread_in_native, id=14908, stack(0x0000000017e10000,0x0000000017f10000)]
=>0x00000000166cb800 JavaThread "C2 CompilerThread0" daemon [_thread_in_native, id=14748, stack(0x0000000017d10000,0x0000000017e10000)]
  0x00000000166ca000 JavaThread "Attach Listener" daemon [_thread_blocked, id=13516, stack(0x0000000017c10000,0x0000000017d10000)]
  0x00000000166c8800 JavaThread "Signal Dispatcher" daemon [_thread_blocked, id=11424, stack(0x0000000017b10000,0x0000000017c10000)]
  0x0000000002d5b800 JavaThread "Finalizer" daemon [_thread_blocked, id=6108, stack(0x0000000017920000,0x0000000017a20000)]
  0x0000000002d52000 JavaThread "Reference Handler" daemon [_thread_blocked, id=7580, stack(0x0000000017820000,0x0000000017920000)]
  0x0000000002b5e800 JavaThread "main" [_thread_blocked, id=12004, stack(0x0000000002b60000,0x0000000002c60000)]

Other Threads:
  0x0000000016694800 VMThread [stack: 0x0000000017720000,0x0000000017820000] [id=9056]
  0x000000001672e000 WatcherThread [stack: 0x0000000018510000,0x0000000018610000] [id=116]

VM state:not at safepoint (normal execution)

VM Mutex/Monitor currently owned by a thread: None

Heap:
 PSYoungGen      total 177664K, used 106575K [0x00000000e0000000, 0x00000000edd00000, 0x0000000100000000)
  eden space 157696K, 57% used [0x00000000e0000000,0x00000000e5860950,0x00000000e9a00000)
  from space 19968K, 80% used [0x00000000e9a00000,0x00000000ea9b35a8,0x00000000ead80000)
  to   space 20992K, 0% used [0x00000000ec880000,0x00000000ec880000,0x00000000edd00000)
 ParOldGen       total 142848K, used 39800K [0x00000000a0000000, 0x00000000a8b80000, 0x00000000e0000000)
  object space 142848K, 27% used [0x00000000a0000000,0x00000000a26de328,0x00000000a8b80000)
 Metaspace       used 65144K, capacity 67884K, committed 68056K, reserved 1107968K
  class space    used 8812K, capacity 9383K, committed 9472K, reserved 1048576K

Card table byte_map: [0x0000000012120000,0x0000000012430000] byte_map_base: 0x0000000011c20000

Marking Bits: (ParMarkBitMap*) 0x00000000712e4970
 Begin Bits: [0x0000000012a30000, 0x0000000014230000)
 End Bits:   [0x0000000014230000, 0x0000000015a30000)

Polling page: 0x0000000002a10000

CodeCache: size=245760Kb used=28122Kb max_used=28126Kb free=217637Kb
 bounds [0x0000000002d60000, 0x0000000004900000, 0x0000000011d60000]
 total_blobs=9896 nmethods=9102 adapters=706
 compilation: enabled

Compilation events (10 events):
Event: 28.328 Thread 0x00000000166df000 10314       3       com.android.tools.r8.graph.DexValue$DexValueFloat::hashCode (9 bytes)
Event: 28.328 Thread 0x00000000166df000 nmethod 10314 0x00000000048d9290 code [0x00000000048d9400, 0x00000000048d9590]
Event: 28.374 Thread 0x00000000166cb800 nmethod 10307 0x00000000048f5210 code [0x00000000048f5440, 0x00000000048f7330]
Event: 28.374 Thread 0x00000000166cb800 10317       4       com.android.tools.r8.graph.DexAnnotationDirectory::<init> (281 bytes)
Event: 28.388 Thread 0x00000000166df000 10319       3       com.android.tools.r8.graph.DexClass::forEachMethod (75 bytes)
Event: 28.388 Thread 0x00000000166df000 nmethod 10319 0x00000000048daa90 code [0x00000000048dac20, 0x00000000048db1f8]
Event: 28.419 Thread 0x00000000166df000 10322       2       java.util.TimSort::mergeHi (732 bytes)
Event: 28.421 Thread 0x00000000166df000 nmethod 10322 0x00000000048f2a50 code [0x00000000048f2ce0, 0x00000000048f43f8]
Event: 28.421 Thread 0x00000000166df000 10324       2       java.util.TimSort::sort (229 bytes)
Event: 28.422 Thread 0x00000000166df000 nmethod 10324 0x00000000048d9f50 code [0x00000000048da120, 0x00000000048da5d8]

GC Heap History (10 events):
Event: 15.476 GC heap before
{Heap before GC invocations=14 (full 2):
 PSYoungGen      total 128512K, used 128509K [0x00000000e0000000, 0x00000000e9f00000, 0x0000000100000000)
  eden space 117248K, 100% used [0x00000000e0000000,0x00000000e7280000,0x00000000e7280000)
  from space 11264K, 99% used [0x00000000e7280000,0x00000000e7d7f500,0x00000000e7d80000)
  to   space 14336K, 0% used [0x00000000e9100000,0x00000000e9100000,0x00000000e9f00000)
 ParOldGen       total 87552K, used 19034K [0x00000000a0000000, 0x00000000a5580000, 0x00000000e0000000)
  object space 87552K, 21% used [0x00000000a0000000,0x00000000a1296b50,0x00000000a5580000)
 Metaspace       used 53822K, capacity 55528K, committed 55768K, reserved 1097728K
  class space    used 7415K, capacity 7815K, committed 7936K, reserved 1048576K
Event: 15.507 GC heap after
Heap after GC invocations=14 (full 2):
 PSYoungGen      total 147456K, used 12864K [0x00000000e0000000, 0x00000000eac00000, 0x0000000100000000)
  eden space 133120K, 0% used [0x00000000e0000000,0x00000000e0000000,0x00000000e8200000)
  from space 14336K, 89% used [0x00000000e9100000,0x00000000e9d90128,0x00000000e9f00000)
  to   space 15360K, 0% used [0x00000000e8200000,0x00000000e8200000,0x00000000e9100000)
 ParOldGen       total 87552K, used 30149K [0x00000000a0000000, 0x00000000a5580000, 0x00000000e0000000)
  object space 87552K, 34% used [0x00000000a0000000,0x00000000a1d717f0,0x00000000a5580000)
 Metaspace       used 53822K, capacity 55528K, committed 55768K, reserved 1097728K
  class space    used 7415K, capacity 7815K, committed 7936K, reserved 1048576K
}
Event: 21.946 GC heap before
{Heap before GC invocations=15 (full 2):
 PSYoungGen      total 147456K, used 105853K [0x00000000e0000000, 0x00000000eac00000, 0x0000000100000000)
  eden space 133120K, 69% used [0x00000000e0000000,0x00000000e5acf468,0x00000000e8200000)
  from space 14336K, 89% used [0x00000000e9100000,0x00000000e9d90128,0x00000000e9f00000)
  to   space 15360K, 0% used [0x00000000e8200000,0x00000000e8200000,0x00000000e9100000)
 ParOldGen       total 87552K, used 30149K [0x00000000a0000000, 0x00000000a5580000, 0x00000000e0000000)
  object space 87552K, 34% used [0x00000000a0000000,0x00000000a1d717f0,0x00000000a5580000)
 Metaspace       used 57010K, capacity 58810K, committed 58968K, reserved 1099776K
  class space    used 7762K, capacity 8194K, committed 8320K, reserved 1048576K
Event: 21.966 GC heap after
Heap after GC invocations=15 (full 2):
 PSYoungGen      total 148480K, used 14591K [0x00000000e0000000, 0x00000000ebe00000, 0x0000000100000000)
  eden space 133120K, 0% used [0x00000000e0000000,0x00000000e0000000,0x00000000e8200000)
  from space 15360K, 94% used [0x00000000e8200000,0x00000000e903fff8,0x00000000e9100000)
  to   space 16896K, 0% used [0x00000000ead80000,0x00000000ead80000,0x00000000ebe00000)
 ParOldGen       total 87552K, used 30157K [0x00000000a0000000, 0x00000000a5580000, 0x00000000e0000000)
  object space 87552K, 34% used [0x00000000a0000000,0x00000000a1d737f0,0x00000000a5580000)
 Metaspace       used 57010K, capacity 58810K, committed 58968K, reserved 1099776K
  class space    used 7762K, capacity 8194K, committed 8320K, reserved 1048576K
}
Event: 21.967 GC heap before
{Heap before GC invocations=16 (full 3):
 PSYoungGen      total 148480K, used 14591K [0x00000000e0000000, 0x00000000ebe00000, 0x0000000100000000)
  eden space 133120K, 0% used [0x00000000e0000000,0x00000000e0000000,0x00000000e8200000)
  from space 15360K, 94% used [0x00000000e8200000,0x00000000e903fff8,0x00000000e9100000)
  to   space 16896K, 0% used [0x00000000ead80000,0x00000000ead80000,0x00000000ebe00000)
 ParOldGen       total 87552K, used 30157K [0x00000000a0000000, 0x00000000a5580000, 0x00000000e0000000)
  object space 87552K, 34% used [0x00000000a0000000,0x00000000a1d737f0,0x00000000a5580000)
 Metaspace       used 57010K, capacity 58810K, committed 58968K, reserved 1099776K
  class space    used 7762K, capacity 8194K, committed 8320K, reserved 1048576K
Event: 22.362 GC heap after
Heap after GC invocations=16 (full 3):
 PSYoungGen      total 148480K, used 0K [0x00000000e0000000, 0x00000000ebe00000, 0x0000000100000000)
  eden space 133120K, 0% used [0x00000000e0000000,0x00000000e0000000,0x00000000e8200000)
  from space 15360K, 0% used [0x00000000e8200000,0x00000000e8200000,0x00000000e9100000)
  to   space 16896K, 0% used [0x00000000ead80000,0x00000000ead80000,0x00000000ebe00000)
 ParOldGen       total 142848K, used 38453K [0x00000000a0000000, 0x00000000a8b80000, 0x00000000e0000000)
  object space 142848K, 26% used [0x00000000a0000000,0x00000000a258d7d8,0x00000000a8b80000)
 Metaspace       used 57010K, capacity 58810K, committed 58968K, reserved 1099776K
  class space    used 7762K, capacity 8194K, committed 8320K, reserved 1048576K
}
Event: 24.414 GC heap before
{Heap before GC invocations=17 (full 3):
 PSYoungGen      total 148480K, used 133120K [0x00000000e0000000, 0x00000000ebe00000, 0x0000000100000000)
  eden space 133120K, 100% used [0x00000000e0000000,0x00000000e8200000,0x00000000e8200000)
  from space 15360K, 0% used [0x00000000e8200000,0x00000000e8200000,0x00000000e9100000)
  to   space 16896K, 0% used [0x00000000ead80000,0x00000000ead80000,0x00000000ebe00000)
 ParOldGen       total 142848K, used 38453K [0x00000000a0000000, 0x00000000a8b80000, 0x00000000e0000000)
  object space 142848K, 26% used [0x00000000a0000000,0x00000000a258d7d8,0x00000000a8b80000)
 Metaspace       used 63836K, capacity 66510K, committed 66648K, reserved 1105920K
  class space    used 8650K, capacity 9228K, committed 9344K, reserved 1048576K
Event: 24.432 GC heap after
Heap after GC invocations=17 (full 3):
 PSYoungGen      total 174592K, used 16882K [0x00000000e0000000, 0x00000000ec180000, 0x0000000100000000)
  eden space 157696K, 0% used [0x00000000e0000000,0x00000000e0000000,0x00000000e9a00000)
  from space 16896K, 99% used [0x00000000ead80000,0x00000000ebdfc9e8,0x00000000ebe00000)
  to   space 19968K, 0% used [0x00000000e9a00000,0x00000000e9a00000,0x00000000ead80000)
 ParOldGen       total 142848K, used 39792K [0x00000000a0000000, 0x00000000a8b80000, 0x00000000e0000000)
  object space 142848K, 27% used [0x00000000a0000000,0x00000000a26dc328,0x00000000a8b80000)
 Metaspace       used 63836K, capacity 66510K, committed 66648K, reserved 1105920K
  class space    used 8650K, capacity 9228K, committed 9344K, reserved 1048576K
}
Event: 27.334 GC heap before
{Heap before GC invocations=18 (full 3):
 PSYoungGen      total 174592K, used 174578K [0x00000000e0000000, 0x00000000ec180000, 0x0000000100000000)
  eden space 157696K, 100% used [0x00000000e0000000,0x00000000e9a00000,0x00000000e9a00000)
  from space 16896K, 99% used [0x00000000ead80000,0x00000000ebdfc9e8,0x00000000ebe00000)
  to   space 19968K, 0% used [0x00000000e9a00000,0x00000000e9a00000,0x00000000ead80000)
 ParOldGen       total 142848K, used 39792K [0x00000000a0000000, 0x00000000a8b80000, 0x00000000e0000000)
  object space 142848K, 27% used [0x00000000a0000000,0x00000000a26dc328,0x00000000a8b80000)
 Metaspace       used 65127K, capacity 67820K, committed 68056K, reserved 1107968K
  class space    used 8812K, capacity 9383K, committed 9472K, reserved 1048576K
Event: 27.349 GC heap after
Heap after GC invocations=18 (full 3):
 PSYoungGen      total 177664K, used 16077K [0x00000000e0000000, 0x00000000edd00000, 0x0000000100000000)
  eden space 157696K, 0% used [0x00000000e0000000,0x00000000e0000000,0x00000000e9a00000)
  from space 19968K, 80% used [0x00000000e9a00000,0x00000000ea9b35a8,0x00000000ead80000)
  to   space 20992K, 0% used [0x00000000ec880000,0x00000000ec880000,0x00000000edd00000)
 ParOldGen       total 142848K, used 39800K [0x00000000a0000000, 0x00000000a8b80000, 0x00000000e0000000)
  object space 142848K, 27% used [0x00000000a0000000,0x00000000a26de328,0x00000000a8b80000)
 Metaspace       used 65127K, capacity 67820K, committed 68056K, reserved 1107968K
  class space    used 8812K, capacity 9383K, committed 9472K, reserved 1048576K
}

Deoptimization events (10 events):
Event: 27.424 Thread 0x000000001b68e800 Uncommon trap: reason=unloaded action=reinterpret pc=0x00000000046d13c0 method=com.android.tools.r8.code.BaseInstructionFactory.create(IILcom/android/tools/r8/code/BytecodeStream;Lcom/android/tools/r8/graph/OffsetToObjectMapping;)Lcom/android/tools/r8/cod
Event: 27.478 Thread 0x000000001b68e800 Uncommon trap: reason=null_check action=make_not_entrant pc=0x000000000469e878 method=com.android.tools.r8.dex.DexFileReader.debugInfoAt(I)Lcom/android/tools/r8/graph/DexDebugInfo; @ 11
Event: 28.418 Thread 0x000000001b68e800 Uncommon trap: reason=array_check action=maybe_recompile pc=0x00000000047270e4 method=java.util.TimSort.reverseRange([Ljava/lang/Object;II)V @ 20
Event: 28.418 Thread 0x000000001b68e800 Uncommon trap: reason=array_check action=maybe_recompile pc=0x00000000048f07b4 method=java.util.TimSort.mergeLo(IIII)V @ 375
Event: 28.418 Thread 0x000000001b68e800 Uncommon trap: reason=array_check action=maybe_recompile pc=0x00000000048f0950 method=java.util.TimSort.mergeLo(IIII)V @ 133
Event: 28.418 Thread 0x000000001b68e800 Uncommon trap: reason=array_check action=maybe_recompile pc=0x00000000048f0950 method=java.util.TimSort.mergeLo(IIII)V @ 133
Event: 28.418 Thread 0x000000001b68e800 Uncommon trap: reason=array_check action=maybe_recompile pc=0x00000000047c8668 method=java.util.TimSort.mergeHi(IIII)V @ 171
Event: 28.418 Thread 0x000000001b68e800 Uncommon trap: reason=predicate action=maybe_recompile pc=0x00000000047c82c0 method=java.util.TimSort.mergeHi(IIII)V @ 191
Event: 28.426 Thread 0x000000001b68e800 Uncommon trap: reason=array_check action=maybe_recompile pc=0x00000000048c4544 method=java.util.TimSort.mergeLo(IIII)V @ 590
Event: 28.467 Thread 0x000000001b68e800 Uncommon trap: reason=array_check action=maybe_recompile pc=0x00000000048c4544 method=java.util.TimSort.mergeLo(IIII)V @ 590

Classes redefined (0 events):
No events

Internal exceptions (10 events):
Event: 24.003 Thread 0x000000001b693000 Exception <a 'sun/nio/fs/WindowsException'> (0x00000000e5dd83c8) thrown at [D:\src\AOSP-openjdk-cygwin\jdk8u\hotspot\src\share\vm\prims\jni.cpp, line 709]
Event: 24.006 Thread 0x000000001b693800 Exception <a 'sun/nio/fs/WindowsException'> (0x00000000e5c9a120) thrown at [D:\src\AOSP-openjdk-cygwin\jdk8u\hotspot\src\share\vm\prims\jni.cpp, line 709]
Event: 24.010 Thread 0x000000001b693000 Exception <a 'sun/nio/fs/WindowsException'> (0x00000000e5dddcd8) thrown at [D:\src\AOSP-openjdk-cygwin\jdk8u\hotspot\src\share\vm\prims\jni.cpp, line 709]
Event: 24.015 Thread 0x000000001b693800 Exception <a 'sun/nio/fs/WindowsException'> (0x00000000e5c9f830) thrown at [D:\src\AOSP-openjdk-cygwin\jdk8u\hotspot\src\share\vm\prims\jni.cpp, line 709]
Event: 24.339 Thread 0x0000000019b9f800 Exception <a 'sun/nio/fs/WindowsException'> (0x00000000e7312608) thrown at [D:\src\AOSP-openjdk-cygwin\jdk8u\hotspot\src\share\vm\prims\jni.cpp, line 709]
Event: 24.595 Thread 0x000000001b68d000 Implicit null exception at 0x0000000003d4d9ef to 0x0000000003d4dae1
Event: 24.595 Thread 0x000000001b690800 Implicit null exception at 0x0000000003d4d9ef to 0x0000000003d4dae1
Event: 26.364 Thread 0x000000001b68d000 Implicit null exception at 0x00000000045e8e12 to 0x00000000045e8fa5
Event: 26.978 Thread 0x000000001b68d000 Exception <a 'sun/nio/fs/WindowsException'> (0x00000000e7bc66e8) thrown at [D:\src\AOSP-openjdk-cygwin\jdk8u\hotspot\src\share\vm\prims\jni.cpp, line 709]
Event: 27.286 Thread 0x000000001b691800 Exception <a 'sun/nio/fs/WindowsException'> (0x00000000e81d9148) thrown at [D:\src\AOSP-openjdk-cygwin\jdk8u\hotspot\src\share\vm\prims\jni.cpp, line 709]

Events (10 events):
Event: 28.418 Thread 0x000000001b68e800 DEOPT UNPACKING pc=0x0000000002da557b sp=0x0000000024ffe890 mode 2
Event: 28.418 Thread 0x000000001b68e800 Uncommon trap: trap_request=0xffffff86 fr.pc=0x00000000047c82c0
Event: 28.418 Thread 0x000000001b68e800 DEOPT PACKING pc=0x00000000047c82c0 sp=0x0000000024ffe8a0
Event: 28.418 Thread 0x000000001b68e800 DEOPT UNPACKING pc=0x0000000002da557b sp=0x0000000024ffe8a8 mode 2
Event: 28.426 Thread 0x000000001b68e800 Uncommon trap: trap_request=0xffffffd6 fr.pc=0x00000000048c4544
Event: 28.426 Thread 0x000000001b68e800 DEOPT PACKING pc=0x00000000048c4544 sp=0x0000000024ffe8a0
Event: 28.426 Thread 0x000000001b68e800 DEOPT UNPACKING pc=0x0000000002da557b sp=0x0000000024ffe898 mode 2
Event: 28.467 Thread 0x000000001b68e800 Uncommon trap: trap_request=0xffffffd6 fr.pc=0x00000000048c4544
Event: 28.467 Thread 0x000000001b68e800 DEOPT PACKING pc=0x00000000048c4544 sp=0x0000000024ffe8a0
Event: 28.467 Thread 0x000000001b68e800 DEOPT UNPACKING pc=0x0000000002da557b sp=0x0000000024ffe898 mode 2


Dynamic libraries:
0x00007ff6d1d60000 - 0x00007ff6d1d91000 	C:\Program Files\Android\Android Studio\jre\bin\java.exe
0x00007ffcc6300000 - 0x00007ffcc64e1000 	C:\WINDOWS\SYSTEM32\ntdll.dll
0x00007ffca0a20000 - 0x00007ffca0a54000 	C:\Program Files\AVAST Software\Avast\x64\aswhooka.dll
0x00007ffcc4750000 - 0x00007ffcc4802000 	C:\WINDOWS\System32\KERNEL32.DLL
0x00007ffcc2ff0000 - 0x00007ffcc3263000 	C:\WINDOWS\System32\KERNELBASE.dll
0x00007ffcc5c50000 - 0x00007ffcc5cf1000 	C:\WINDOWS\System32\ADVAPI32.dll
0x00007ffcc61c0000 - 0x00007ffcc625e000 	C:\WINDOWS\System32\msvcrt.dll
0x00007ffcc3790000 - 0x00007ffcc37eb000 	C:\WINDOWS\System32\sechost.dll
0x00007ffcc4100000 - 0x00007ffcc4224000 	C:\WINDOWS\System32\RPCRT4.dll
0x00007ffcc3b20000 - 0x00007ffcc3cb0000 	C:\WINDOWS\System32\USER32.dll
0x00007ffcc28c0000 - 0x00007ffcc28e0000 	C:\WINDOWS\System32\win32u.dll
0x00007ffcc3e10000 - 0x00007ffcc3e38000 	C:\WINDOWS\System32\GDI32.dll
0x00007ffcc34f0000 - 0x00007ffcc3682000 	C:\WINDOWS\System32\gdi32full.dll
0x00007ffcc36f0000 - 0x00007ffcc378f000 	C:\WINDOWS\System32\msvcp_win.dll
0x00007ffcc33f0000 - 0x00007ffcc34ea000 	C:\WINDOWS\System32\ucrtbase.dll
0x00007ffca8190000 - 0x00007ffca83f9000 	C:\WINDOWS\WinSxS\amd64_microsoft.windows.common-controls_6595b64144ccf1df_6.0.17134.285_none_fb4297e330656775\COMCTL32.dll
0x00007ffcc37f0000 - 0x00007ffcc3b13000 	C:\WINDOWS\System32\combase.dll
0x00007ffcc3370000 - 0x00007ffcc33ea000 	C:\WINDOWS\System32\bcryptPrimitives.dll
0x00007ffcc6190000 - 0x00007ffcc61bd000 	C:\WINDOWS\System32\IMM32.DLL
0x0000000070960000 - 0x0000000070a32000 	C:\Program Files\Android\Android Studio\jre\jre\bin\msvcr100.dll
0x0000000070b20000 - 0x000000007135f000 	C:\Program Files\Android\Android Studio\jre\jre\bin\server\jvm.dll
0x00007ffcc4090000 - 0x00007ffcc4098000 	C:\WINDOWS\System32\PSAPI.DLL
0x00007ffcaba90000 - 0x00007ffcaba99000 	C:\WINDOWS\SYSTEM32\WSOCK32.dll
0x00007ffcc4680000 - 0x00007ffcc46ec000 	C:\WINDOWS\System32\WS2_32.dll
0x00007ffcc0090000 - 0x00007ffcc00b3000 	C:\WINDOWS\SYSTEM32\WINMM.dll
0x00007ffcadf20000 - 0x00007ffcadf2a000 	C:\WINDOWS\SYSTEM32\VERSION.dll
0x00007ffcbfd20000 - 0x00007ffcbfd4a000 	C:\WINDOWS\SYSTEM32\WINMMBASE.dll
0x00007ffcc3270000 - 0x00007ffcc32b9000 	C:\WINDOWS\System32\cfgmgr32.dll
0x00007ffcb9e40000 - 0x00007ffcb9e4f000 	C:\Program Files\Android\Android Studio\jre\jre\bin\verify.dll
0x00007ffcb5a90000 - 0x00007ffcb5ab9000 	C:\Program Files\Android\Android Studio\jre\jre\bin\java.dll
0x00007ffcb6e30000 - 0x00007ffcb6e46000 	C:\Program Files\Android\Android Studio\jre\jre\bin\zip.dll
0x00007ffcc4810000 - 0x00007ffcc5c50000 	C:\WINDOWS\System32\SHELL32.dll
0x00007ffcc3fe0000 - 0x00007ffcc4089000 	C:\WINDOWS\System32\shcore.dll
0x00007ffcc28e0000 - 0x00007ffcc2fed000 	C:\WINDOWS\System32\windows.storage.dll
0x00007ffcc6270000 - 0x00007ffcc62c1000 	C:\WINDOWS\System32\shlwapi.dll
0x00007ffcc2690000 - 0x00007ffcc26a1000 	C:\WINDOWS\System32\kernel.appcore.dll
0x00007ffcc2620000 - 0x00007ffcc263f000 	C:\WINDOWS\System32\profapi.dll
0x00007ffcc2640000 - 0x00007ffcc268c000 	C:\WINDOWS\System32\powrprof.dll
0x00007ffcc2610000 - 0x00007ffcc261a000 	C:\WINDOWS\System32\FLTLIB.DLL
0x00007ffcb6600000 - 0x00007ffcb661a000 	C:\Program Files\Android\Android Studio\jre\jre\bin\net.dll
0x00007ffcc1e30000 - 0x00007ffcc1e96000 	C:\WINDOWS\system32\mswsock.dll
0x00007ffcb5a70000 - 0x00007ffcb5a81000 	C:\Program Files\Android\Android Studio\jre\jre\bin\nio.dll
0x00007ffcb4070000 - 0x00007ffcb408e000 	C:\Users\Administrator\.gradle\native\25\windows-amd64\native-platform.dll
0x00007ffcb9e30000 - 0x00007ffcb9e3d000 	C:\Program Files\Android\Android Studio\jre\jre\bin\management.dll
0x00007ffcc1fe0000 - 0x00007ffcc1ff7000 	C:\WINDOWS\SYSTEM32\CRYPTSP.dll
0x00007ffcc1a10000 - 0x00007ffcc1a43000 	C:\WINDOWS\system32\rsaenh.dll
0x00007ffcc2110000 - 0x00007ffcc2135000 	C:\WINDOWS\SYSTEM32\bcrypt.dll
0x00007ffcc2540000 - 0x00007ffcc2568000 	C:\WINDOWS\SYSTEM32\USERENV.dll
0x00007ffcc2000000 - 0x00007ffcc200b000 	C:\WINDOWS\SYSTEM32\CRYPTBASE.dll
0x00007ffcc1bb0000 - 0x00007ffcc1be8000 	C:\WINDOWS\SYSTEM32\IPHLPAPI.DLL
0x00007ffcc5d80000 - 0x00007ffcc5d88000 	C:\WINDOWS\System32\NSI.dll
0x00007ffcb5c20000 - 0x00007ffcb5c36000 	C:\WINDOWS\SYSTEM32\dhcpcsvc6.DLL
0x00007ffcb62d0000 - 0x00007ffcb62ea000 	C:\WINDOWS\SYSTEM32\dhcpcsvc.DLL
0x00007ffcc1700000 - 0x00007ffcc1731000 	C:\WINDOWS\SYSTEM32\ntmarta.dll

VM Arguments:
jvm_args: -Xmx1536m -Dfile.encoding=windows-1252 -Duser.country=US -Duser.language=en -Duser.variant 
java_command: org.gradle.launcher.daemon.bootstrap.GradleDaemon 4.4
java_class_path (initial): C:\Users\Administrator\.gradle\wrapper\dists\gradle-4.4-all\9br9xq1tocpiv8o6njlyu5op1\gradle-4.4\lib\gradle-launcher-4.4.jar
Launcher Type: SUN_STANDARD

Environment Variables:
JAVA_HOME=C:\Program Files (x86)\Java\jdk1.8.0_172
PATH=C:\Program Files (x86)\Common Files\Intel\Shared Files\cpp\bin\Intel64;C:\Program Files (x86)\Intel\iCLS Client\;C:\Program Files\Intel\iCLS Client\;C:\WINDOWS\system32;C:\WINDOWS;C:\WINDOWS\System32\Wbem;C:\WINDOWS\System32\WindowsPowerShell\v1.0\;C:\Program Files (x86)\Intel\Intel(R) Management Engine Components\DAL;C:\Program Files\Intel\Intel(R) Management Engine Components\DAL;C:\Program Files (x86)\Intel\Intel(R) Management Engine Components\IPT;C:\Program Files\Intel\Intel(R) Management Engine Components\IPT;C:\Program Files\Intel\WiFi\bin\;C:\Program Files\Common Files\Intel\WirelessCommon\;C:\Program Files\Git\cmd;C:\Program Files\dotnet\;C:\Program Files (x86)\Java\jdk1.8.0_172\bin;;C:\WINDOWS\System32\OpenSSH\;C:\Users\Administrator\AppData\Local\Microsoft\WindowsApps;
USERNAME=Administrator
OS=Windows_NT
PROCESSOR_IDENTIFIER=Intel64 Family 6 Model 78 Stepping 3, GenuineIntel



---------------  S Y S T E M  ---------------

OS: Windows 10.0 , 64 bit Build 17134 (10.0.17134.1)

CPU:total 4 (initial active 4) (2 cores per cpu, 2 threads per core) family 6 model 78 stepping 3, cmov, cx8, fxsr, mmx, sse, sse2, sse3, ssse3, sse4.1, sse4.2, popcnt, avx, avx2, aes, clmul, erms, 3dnowpref, lzcnt, ht, tsc, tscinvbit, bmi1, bmi2, adx

Memory: 4k page, physical 8266336k(1324772k free), swap 10217056k(1224k free)

vm_info: OpenJDK 64-Bit Server VM (25.152-b02) for windows-amd64 JRE (1.8.0_152-release-1024-b02), built by "builder" with MS VC++ 10.0 (VS2010)

time: Sat Oct 06 20:27:59 2018
elapsed time: 28 seconds (0d 0h 0m 28s)

