#
# There is insufficient memory for the Java Runtime Environment to continue.
# Native memory allocation (malloc) failed to allocate 1143696 bytes for Chunk::new
# Possible reasons:
#   The system is out of physical RAM or swap space
#   In 32 bit mode, the process size limit was hit
# Possible solutions:
#   Reduce memory load on the system
#   Increase physical memory or swap space
#   Check if swap backing store is full
#   Use 64 bit Java on a 64 bit OS
#   Decrease Java heap size (-Xmx/-Xms)
#   Decrease number of Java threads
#   Decrease Java thread stack sizes (-Xss)
#   Set larger code cache with -XX:ReservedCodeCacheSize=
# This output file may be truncated or incomplete.
#
#  Out of Memory Error (allocation.cpp:390), pid=4632, tid=0x0000000000003a7c
#
# JRE version: OpenJDK Runtime Environment (8.0_152-b02) (build 1.8.0_152-release-1024-b02)
# Java VM: OpenJDK 64-Bit Server VM (25.152-b02 mixed mode windows-amd64 compressed oops)
# Failed to write core dump. Minidumps are not enabled by default on client versions of Windows
#

---------------  T H R E A D  ---------------

Current thread (0x0000000015d3b000):  JavaThread "C2 CompilerThread0" daemon [_thread_in_native, id=14972, stack(0x0000000017380000,0x0000000017480000)]

Stack: [0x0000000017380000,0x0000000017480000]
[error occurred during error reporting (printing stack bounds), id 0xc0000005]

Native frames: (J=compiled Java code, j=interpreted, Vv=VM code, C=native code)


Current CompileTask:
C2:18859711 28631       4       com.android.tools.r8.graph.ObjectToOffsetMapping$ProgramClassDepthsMemoized::lambda$getDepth$0 (113 bytes)


---------------  P R O C E S S  ---------------

Java Threads: ( => current thread )
  0x000000001e5a0000 JavaThread "ForkJoinPool-16-worker-0" daemon [_thread_blocked, id=10312, stack(0x0000000052300000,0x0000000052400000)]
  0x000000001e59e800 JavaThread "ForkJoinPool-16-worker-1" daemon [_thread_in_Java, id=9392, stack(0x0000000052200000,0x0000000052300000)]
  0x000000001bb75000 JavaThread "ForkJoinPool.commonPool-worker-0" daemon [_thread_blocked, id=13116, stack(0x0000000051d00000,0x0000000051e00000)]
  0x000000001bb7b000 JavaThread "ForkJoinPool.commonPool-worker-3" daemon [_thread_blocked, id=3164, stack(0x0000000051c00000,0x0000000051d00000)]
  0x000000001bb7a000 JavaThread "Cache worker for Java compile cache (C:\Users\Administrator\Desktop\wrongparking\.gradle\4.4\javaCompile)" [_thread_blocked, id=1920, stack(0x0000000051a00000,0x0000000051b00000)]
  0x0000000018f9f800 JavaThread "Task worker for ':' Thread 3" [_thread_blocked, id=13548, stack(0x0000000050c00000,0x0000000050d00000)]
  0x0000000018fa2000 JavaThread "Task worker for ':' Thread 2" [_thread_blocked, id=10432, stack(0x0000000050b00000,0x0000000050c00000)]
  0x0000000018f9e000 JavaThread "Task worker for ':'" [_thread_blocked, id=16536, stack(0x0000000050a00000,0x0000000050b00000)]
  0x0000000018fa1000 JavaThread "Cache worker for Build Output Cleanup Cache (C:\Users\Administrator\Desktop\wrongparking\.gradle\buildOutputCleanup)" [_thread_blocked, id=11440, stack(0x0000000050900000,0x0000000050a00000)]
  0x0000000018fa0800 JavaThread "Cache worker for task history cache (C:\Users\Administrator\Desktop\wrongparking\.gradle\4.4\taskHistory)" [_thread_blocked, id=5368, stack(0x0000000050800000,0x0000000050900000)]
  0x0000000018fa3800 JavaThread "Cache worker for file content cache (C:\Users\Administrator\Desktop\wrongparking\.gradle\4.4\fileContent)" [_thread_blocked, id=13764, stack(0x0000000050700000,0x0000000050800000)]
  0x0000000018f9a800 JavaThread "build operations Thread 4" [_thread_blocked, id=8900, stack(0x0000000050600000,0x0000000050700000)]
  0x0000000018f9c800 JavaThread "build operations Thread 3" [_thread_blocked, id=15596, stack(0x0000000050500000,0x0000000050600000)]
  0x0000000018f9c000 JavaThread "build operations Thread 2" [_thread_blocked, id=2732, stack(0x0000000050400000,0x0000000050500000)]
  0x000000001e59d000 JavaThread "build operations" [_thread_blocked, id=15336, stack(0x0000000050300000,0x0000000050400000)]
  0x000000001e59d800 JavaThread "Cache worker for Artifact transforms cache (C:\Users\Administrator\.gradle\caches\transforms-1)" [_thread_blocked, id=1720, stack(0x0000000050200000,0x0000000050300000)]
  0x000000001e59c000 JavaThread "Cache worker for file hash cache (C:\Users\Administrator\Desktop\wrongparking\.gradle\4.4\fileHashes)" [_thread_blocked, id=3752, stack(0x0000000050100000,0x0000000050200000)]
  0x000000001e59f000 JavaThread "Stdin handler" [_thread_blocked, id=16596, stack(0x0000000050000000,0x0000000050100000)]
  0x000000001e594800 JavaThread "Asynchronous log dispatcher for DefaultDaemonConnection: socket connection from /127.0.0.1:65484 to /127.0.0.1:52613" [_thread_blocked, id=14700, stack(0x000000004ff00000,0x0000000050000000)]
  0x000000001e593000 JavaThread "Daemon worker Thread 16" [_thread_blocked, id=16572, stack(0x000000004fe00000,0x000000004ff00000)]
  0x000000001e59a000 JavaThread "Cancel handler" [_thread_blocked, id=4492, stack(0x000000004fd00000,0x000000004fe00000)]
  0x000000001e596000 JavaThread "Handler for socket connection from /127.0.0.1:65484 to /127.0.0.1:52613" [_thread_in_native, id=16936, stack(0x000000004fc00000,0x000000004fd00000)]
  0x000000001e597800 JavaThread "Daemon Thread 16" [_thread_blocked, id=9748, stack(0x000000004fb00000,0x000000004fc00000)]
  0x000000001d112800 JavaThread "Memory manager" [_thread_blocked, id=8524, stack(0x0000000020ef0000,0x0000000020ff0000)]
  0x0000000018e9a800 JavaThread "File lock request listener" [_thread_in_native, id=11976, stack(0x000000001a7d0000,0x000000001a8d0000)]
  0x0000000018ee7000 JavaThread "Cache worker for file hash cache (C:\Users\Administrator\.gradle\caches\4.4\fileHashes)" [_thread_blocked, id=4032, stack(0x000000001a6d0000,0x000000001a7d0000)]
  0x0000000018d2f000 JavaThread "Daemon periodic checks" [_thread_blocked, id=7928, stack(0x0000000019bd0000,0x0000000019cd0000)]
  0x0000000018d0e000 JavaThread "Incoming local TCP Connector on port 65484" [_thread_in_native, id=10160, stack(0x0000000019990000,0x0000000019a90000)]
  0x00000000175a6800 JavaThread "Service Thread" daemon [_thread_blocked, id=2440, stack(0x0000000017a80000,0x0000000017b80000)]
  0x0000000015d9c800 JavaThread "C1 CompilerThread2" daemon [_thread_blocked, id=7880, stack(0x0000000017980000,0x0000000017a80000)]
  0x0000000015d92000 JavaThread "C2 CompilerThread1" daemon [_thread_blocked, id=14744, stack(0x0000000017480000,0x0000000017580000)]
=>0x0000000015d3b000 JavaThread "C2 CompilerThread0" daemon [_thread_in_native, id=14972, stack(0x0000000017380000,0x0000000017480000)]
  0x0000000015d3a000 JavaThread "Attach Listener" daemon [_thread_blocked, id=8696, stack(0x0000000017280000,0x0000000017380000)]
  0x0000000015d38800 JavaThread "Signal Dispatcher" daemon [_thread_blocked, id=13156, stack(0x0000000017180000,0x0000000017280000)]
  0x00000000023cb800 JavaThread "Finalizer" daemon [_thread_blocked, id=8832, stack(0x0000000016f90000,0x0000000017090000)]
  0x00000000023c2000 JavaThread "Reference Handler" daemon [_thread_blocked, id=5108, stack(0x0000000016e90000,0x0000000016f90000)]
  0x000000000215e800 JavaThread "main" [_thread_blocked, id=524, stack(0x00000000021d0000,0x00000000022d0000)]

Other Threads:
  0x0000000015d04800 VMThread [stack: 0x0000000016d90000,0x0000000016e90000] [id=3592]
  0x00000000175a7000 WatcherThread [stack: 0x0000000017b80000,0x0000000017c80000] [id=9952]

VM state:not at safepoint (normal execution)

VM Mutex/Monitor currently owned by a thread: None

Heap:
 PSYoungGen      total 318464K, used 225683K [0x00000000e0000000, 0x00000000fb180000, 0x0000000100000000)
  eden space 212480K, 86% used [0x00000000e0000000,0x00000000eb46cfa0,0x00000000ecf80000)
  from space 105984K, 38% used [0x00000000ecf80000,0x00000000ef777f30,0x00000000f3700000)
  to   space 96256K, 0% used [0x00000000f5380000,0x00000000f5380000,0x00000000fb180000)
 ParOldGen       total 339456K, used 169143K [0x00000000a0000000, 0x00000000b4b80000, 0x00000000e0000000)
  object space 339456K, 49% used [0x00000000a0000000,0x00000000aa52dfd0,0x00000000b4b80000)
 Metaspace       used 95101K, capacity 101204K, committed 103040K, reserved 1138688K
  class space    used 11823K, capacity 12996K, committed 13440K, reserved 1048576K

Card table byte_map: [0x0000000011790000,0x0000000011aa0000] byte_map_base: 0x0000000011290000

Marking Bits: (ParMarkBitMap*) 0x000000005fd74970
 Begin Bits: [0x00000000120a0000, 0x00000000138a0000)
 End Bits:   [0x00000000138a0000, 0x00000000150a0000)

Polling page: 0x0000000000830000

CodeCache: size=245760Kb used=78749Kb max_used=78770Kb free=167010Kb
 bounds [0x00000000023d0000, 0x0000000007140000, 0x00000000113d0000]
 total_blobs=22583 nmethods=21689 adapters=803
 compilation: enabled

Compilation events (10 events):
Event: 18853.338 Thread 0x0000000015d9c800 nmethod 28630 0x0000000007107110 code [0x0000000007107260, 0x0000000007107410]
Event: 18853.378 Thread 0x0000000015d3b000 nmethod 28628 0x000000000711b6d0 code [0x000000000711ba20, 0x000000000711d520]
Event: 18853.378 Thread 0x0000000015d3b000 28631       4       com.android.tools.r8.graph.ObjectToOffsetMapping$ProgramClassDepthsMemoized::lambda$getDepth$0 (113 bytes)
Event: 18853.385 Thread 0x0000000015d92000 nmethod 28626 0x0000000007122f10 code [0x0000000007123300, 0x00000000071250c8]
Event: 18853.385 Thread 0x0000000015d92000 28632       4       com.android.tools.r8.graph.ObjectToOffsetMapping::createMap (136 bytes)
Event: 18853.482 Thread 0x0000000015d92000 nmethod 28632 0x0000000007128050 code [0x0000000007128400, 0x000000000712a330]
Event: 18853.482 Thread 0x0000000015d92000 28634       4       com.android.tools.r8.graph.ObjectToOffsetMapping$ProgramClassDepthsMemoized::getDepth (23 bytes)
Event: 18853.609 Thread 0x0000000015d92000 nmethod 28634 0x00000000071310d0 code [0x0000000007131440, 0x0000000007133cc8]
Event: 18853.609 Thread 0x0000000015d92000 28633       4       com.android.tools.r8.graph.DexApplication::programDefinitionFor (22 bytes)
Event: 18853.611 Thread 0x0000000015d92000 nmethod 28633 0x0000000007105910 code [0x0000000007105a60, 0x0000000007105b28]

GC Heap History (10 events):
Event: 18842.159 GC heap before
{Heap before GC invocations=69 (full 5):
 PSYoungGen      total 287744K, used 234202K [0x00000000e0000000, 0x00000000fa000000, 0x0000000100000000)
  eden space 181248K, 100% used [0x00000000e0000000,0x00000000eb100000,0x00000000eb100000)
  from space 106496K, 49% used [0x00000000eb100000,0x00000000ee4b6838,0x00000000f1900000)
  to   space 107520K, 0% used [0x00000000f3700000,0x00000000f3700000,0x00000000fa000000)
 ParOldGen       total 218112K, used 178736K [0x00000000a0000000, 0x00000000ad500000, 0x00000000e0000000)
  object space 218112K, 81% used [0x00000000a0000000,0x00000000aae8c3b0,0x00000000ad500000)
 Metaspace       used 96057K, capacity 102599K, committed 102784K, reserved 1138688K
  class space    used 12031K, capacity 13311K, committed 13440K, reserved 1048576K
Event: 18842.358 GC heap after
Heap after GC invocations=69 (full 5):
 PSYoungGen      total 318976K, used 49441K [0x00000000e0000000, 0x00000000f9f00000, 0x0000000100000000)
  eden space 212480K, 0% used [0x00000000e0000000,0x00000000e0000000,0x00000000ecf80000)
  from space 106496K, 46% used [0x00000000f3700000,0x00000000f67484c8,0x00000000f9f00000)
  to   space 105984K, 0% used [0x00000000ecf80000,0x00000000ecf80000,0x00000000f3700000)
 ParOldGen       total 218112K, used 212389K [0x00000000a0000000, 0x00000000ad500000, 0x00000000e0000000)
  object space 218112K, 97% used [0x00000000a0000000,0x00000000acf69470,0x00000000ad500000)
 Metaspace       used 96057K, capacity 102599K, committed 102784K, reserved 1138688K
  class space    used 12031K, capacity 13311K, committed 13440K, reserved 1048576K
}
Event: 18842.358 GC heap before
{Heap before GC invocations=70 (full 6):
 PSYoungGen      total 318976K, used 49441K [0x00000000e0000000, 0x00000000f9f00000, 0x0000000100000000)
  eden space 212480K, 0% used [0x00000000e0000000,0x00000000e0000000,0x00000000ecf80000)
  from space 106496K, 46% used [0x00000000f3700000,0x00000000f67484c8,0x00000000f9f00000)
  to   space 105984K, 0% used [0x00000000ecf80000,0x00000000ecf80000,0x00000000f3700000)
 ParOldGen       total 218112K, used 212389K [0x00000000a0000000, 0x00000000ad500000, 0x00000000e0000000)
  object space 218112K, 97% used [0x00000000a0000000,0x00000000acf69470,0x00000000ad500000)
 Metaspace       used 96057K, capacity 102599K, committed 102784K, reserved 1138688K
  class space    used 12031K, capacity 13311K, committed 13440K, reserved 1048576K
Event: 18843.421 GC heap after
Heap after GC invocations=70 (full 6):
 PSYoungGen      total 318976K, used 0K [0x00000000e0000000, 0x00000000f9f00000, 0x0000000100000000)
  eden space 212480K, 0% used [0x00000000e0000000,0x00000000e0000000,0x00000000ecf80000)
  from space 106496K, 0% used [0x00000000f3700000,0x00000000f3700000,0x00000000f9f00000)
  to   space 105984K, 0% used [0x00000000ecf80000,0x00000000ecf80000,0x00000000f3700000)
 ParOldGen       total 339456K, used 142510K [0x00000000a0000000, 0x00000000b4b80000, 0x00000000e0000000)
  object space 339456K, 41% used [0x00000000a0000000,0x00000000a8b2bbf0,0x00000000b4b80000)
 Metaspace       used 94313K, capacity 100022K, committed 102784K, reserved 1138688K
  class space    used 11704K, capacity 12789K, committed 13440K, reserved 1048576K
}
Event: 18850.955 GC heap before
{Heap before GC invocations=71 (full 6):
 PSYoungGen      total 318976K, used 212480K [0x00000000e0000000, 0x00000000f9f00000, 0x0000000100000000)
  eden space 212480K, 100% used [0x00000000e0000000,0x00000000ecf80000,0x00000000ecf80000)
  from space 106496K, 0% used [0x00000000f3700000,0x00000000f3700000,0x00000000f9f00000)
  to   space 105984K, 0% used [0x00000000ecf80000,0x00000000ecf80000,0x00000000f3700000)
 ParOldGen       total 339456K, used 142510K [0x00000000a0000000, 0x00000000b4b80000, 0x00000000e0000000)
  object space 339456K, 41% used [0x00000000a0000000,0x00000000a8b2bbf0,0x00000000b4b80000)
 Metaspace       used 95053K, capacity 101084K, committed 102784K, reserved 1138688K
  class space    used 11814K, capacity 12984K, committed 13440K, reserved 1048576K
Event: 18851.020 GC heap after
Heap after GC invocations=71 (full 6):
 PSYoungGen      total 318464K, used 37084K [0x00000000e0000000, 0x00000000f9f00000, 0x0000000100000000)
  eden space 212480K, 0% used [0x00000000e0000000,0x00000000e0000000,0x00000000ecf80000)
  from space 105984K, 34% used [0x00000000ecf80000,0x00000000ef3b7018,0x00000000f3700000)
  to   space 106496K, 0% used [0x00000000f3700000,0x00000000f3700000,0x00000000f9f00000)
 ParOldGen       total 339456K, used 142518K [0x00000000a0000000, 0x00000000b4b80000, 0x00000000e0000000)
  object space 339456K, 41% used [0x00000000a0000000,0x00000000a8b2dbf0,0x00000000b4b80000)
 Metaspace       used 95053K, capacity 101084K, committed 102784K, reserved 1138688K
  class space    used 11814K, capacity 12984K, committed 13440K, reserved 1048576K
}
Event: 18851.230 GC heap before
{Heap before GC invocations=72 (full 6):
 PSYoungGen      total 318464K, used 249564K [0x00000000e0000000, 0x00000000f9f00000, 0x0000000100000000)
  eden space 212480K, 100% used [0x00000000e0000000,0x00000000ecf80000,0x00000000ecf80000)
  from space 105984K, 34% used [0x00000000ecf80000,0x00000000ef3b7018,0x00000000f3700000)
  to   space 106496K, 0% used [0x00000000f3700000,0x00000000f3700000,0x00000000f9f00000)
 ParOldGen       total 339456K, used 142518K [0x00000000a0000000, 0x00000000b4b80000, 0x00000000e0000000)
  object space 339456K, 41% used [0x00000000a0000000,0x00000000a8b2dbf0,0x00000000b4b80000)
 Metaspace       used 95054K, capacity 101084K, committed 102784K, reserved 1138688K
  class space    used 11814K, capacity 12984K, committed 13440K, reserved 1048576K
Event: 18851.313 GC heap after
Heap after GC invocations=72 (full 6):
 PSYoungGen      total 318976K, used 32K [0x00000000e0000000, 0x00000000f9f00000, 0x0000000100000000)
  eden space 212480K, 0% used [0x00000000e0000000,0x00000000e0000000,0x00000000ecf80000)
  from space 106496K, 0% used [0x00000000f3700000,0x00000000f3708000,0x00000000f9f00000)
  to   space 105984K, 0% used [0x00000000ecf80000,0x00000000ecf80000,0x00000000f3700000)
 ParOldGen       total 339456K, used 169127K [0x00000000a0000000, 0x00000000b4b80000, 0x00000000e0000000)
  object space 339456K, 49% used [0x00000000a0000000,0x00000000aa529fd0,0x00000000b4b80000)
 Metaspace       used 95054K, capacity 101084K, committed 102784K, reserved 1138688K
  class space    used 11814K, capacity 12984K, committed 13440K, reserved 1048576K
}
Event: 18852.048 GC heap before
{Heap before GC invocations=73 (full 6):
 PSYoungGen      total 318976K, used 212512K [0x00000000e0000000, 0x00000000f9f00000, 0x0000000100000000)
  eden space 212480K, 100% used [0x00000000e0000000,0x00000000ecf80000,0x00000000ecf80000)
  from space 106496K, 0% used [0x00000000f3700000,0x00000000f3708000,0x00000000f9f00000)
  to   space 105984K, 0% used [0x00000000ecf80000,0x00000000ecf80000,0x00000000f3700000)
 ParOldGen       total 339456K, used 169127K [0x00000000a0000000, 0x00000000b4b80000, 0x00000000e0000000)
  object space 339456K, 49% used [0x00000000a0000000,0x00000000aa529fd0,0x00000000b4b80000)
 Metaspace       used 95090K, capacity 101134K, committed 102784K, reserved 1138688K
  class space    used 11823K, capacity 12995K, committed 13440K, reserved 1048576K
Event: 18852.071 GC heap after
Heap after GC invocations=73 (full 6):
 PSYoungGen      total 318464K, used 40927K [0x00000000e0000000, 0x00000000fb180000, 0x0000000100000000)
  eden space 212480K, 0% used [0x00000000e0000000,0x00000000e0000000,0x00000000ecf80000)
  from space 105984K, 38% used [0x00000000ecf80000,0x00000000ef777f30,0x00000000f3700000)
  to   space 96256K, 0% used [0x00000000f5380000,0x00000000f5380000,0x00000000fb180000)
 ParOldGen       total 339456K, used 169143K [0x00000000a0000000, 0x00000000b4b80000, 0x00000000e0000000)
  object space 339456K, 49% used [0x00000000a0000000,0x00000000aa52dfd0,0x00000000b4b80000)
 Metaspace       used 95090K, capacity 101134K, committed 102784K, reserved 1138688K
  class space    used 11823K, capacity 12995K, committed 13440K, reserved 1048576K
}

Deoptimization events (10 events):
Event: 18850.699 Thread 0x0000000018f9e000 Uncommon trap: reason=class_check action=maybe_recompile pc=0x00000000027979f8 method=com.android.tools.r8.graph.DexType.computeEquals(Ljava/lang/Object;)Z @ 1
Event: 18850.699 Thread 0x0000000018f9e000 Uncommon trap: reason=class_check action=maybe_recompile pc=0x0000000006cff738 method=com.android.tools.r8.graph.DexField.computeEquals(Ljava/lang/Object;)Z @ 1
Event: 18850.699 Thread 0x0000000018f9e000 Uncommon trap: reason=class_check action=maybe_recompile pc=0x0000000006cff738 method=com.android.tools.r8.graph.DexField.computeEquals(Ljava/lang/Object;)Z @ 1
Event: 18850.699 Thread 0x0000000018f9e000 Uncommon trap: reason=class_check action=maybe_recompile pc=0x0000000006cff738 method=com.android.tools.r8.graph.DexField.computeEquals(Ljava/lang/Object;)Z @ 1
Event: 18850.733 Thread 0x0000000018f9e000 Uncommon trap: reason=bimorphic action=maybe_recompile pc=0x000000000617e0ac method=com.android.tools.r8.com.google.common.collect.Iterators$ConcatenatedIterator.hasNext()Z @ 10
Event: 18850.865 Thread 0x0000000018f9e000 Uncommon trap: reason=predicate action=maybe_recompile pc=0x0000000006bcf6a8 method=com.android.tools.r8.graph.DexClass.forEachMethod(Ljava/util/function/Consumer;)V @ 54
Event: 18851.544 Thread 0x0000000018f9e000 Uncommon trap: reason=unstable_if action=reinterpret pc=0x0000000002bb2ac0 method=java.nio.Buffer.limit(I)Ljava/nio/Buffer; @ 33
Event: 18851.663 Thread 0x0000000018f9e000 Uncommon trap: reason=unstable_if action=reinterpret pc=0x0000000002652fb0 method=java.io.WinNTFileSystem.resolve(Ljava/lang/String;Ljava/lang/String;)Ljava/lang/String; @ 36
Event: 18852.325 Thread 0x000000001e59e800 Uncommon trap: reason=unstable_if action=reinterpret pc=0x0000000006cdd744 method=com.android.tools.r8.graph.DexValue.defaultForType(Lcom/android/tools/r8/graph/DexType;Lcom/android/tools/r8/graph/DexItemFactory;)Lcom/android/tools/r8/graph/DexValue; @ 17
Event: 18853.273 Thread 0x000000001bb75000 Uncommon trap: reason=class_check action=maybe_recompile pc=0x00000000051b36c4 method=java.util.AbstractList.add(Ljava/lang/Object;)Z @ 2

Classes redefined (0 events):
No events

Internal exceptions (10 events):
Event: 18833.184 Thread 0x000000001e593000 Exception <a 'sun/nio/fs/WindowsException'> (0x00000000e074c9b0) thrown at [D:\src\AOSP-openjdk-cygwin\jdk8u\hotspot\src\share\vm\prims\jni.cpp, line 709]
Event: 18839.501 Thread 0x000000001bb75800 Exception <a 'sun/nio/fs/WindowsException'> (0x00000000e04d8de8) thrown at [D:\src\AOSP-openjdk-cygwin\jdk8u\hotspot\src\share\vm\prims\jni.cpp, line 709]
Event: 18839.503 Thread 0x000000001bb75000 Exception <a 'sun/nio/fs/WindowsException'> (0x00000000e0520570) thrown at [D:\src\AOSP-openjdk-cygwin\jdk8u\hotspot\src\share\vm\prims\jni.cpp, line 709]
Event: 18839.515 Thread 0x000000001bb78000 Exception <a 'sun/nio/fs/WindowsException'> (0x00000000e05f2920) thrown at [D:\src\AOSP-openjdk-cygwin\jdk8u\hotspot\src\share\vm\prims\jni.cpp, line 709]
Event: 18839.523 Thread 0x000000001e59e800 Exception <a 'sun/nio/fs/WindowsException'> (0x00000000e07a0450) thrown at [D:\src\AOSP-openjdk-cygwin\jdk8u\hotspot\src\share\vm\prims\jni.cpp, line 709]
Event: 18839.523 Thread 0x000000001e595800 Exception <a 'sun/nio/fs/WindowsException'> (0x00000000e0739d38) thrown at [D:\src\AOSP-openjdk-cygwin\jdk8u\hotspot\src\share\vm\prims\jni.cpp, line 709]
Event: 18850.614 Thread 0x0000000018f9e000 Exception <a 'java/lang/NoSuchMethodError': java.lang.Object.lambda$chars$0()Ljava/util/Spliterator$OfInt;> (0x00000000ea2e90c0) thrown at [D:\src\AOSP-openjdk-cygwin\jdk8u\hotspot\src\share\vm\interpreter\linkResolver.cpp, line 584]
Event: 18850.671 Thread 0x0000000018f9e000 Exception <a 'java/lang/IncompatibleClassChangeError': Found class java.lang.Object, but interface was expected> (0x00000000ea3b80a0) thrown at [D:\src\AOSP-openjdk-cygwin\jdk8u\hotspot\src\share\vm\interpreter\linkResolver.cpp, line 643]
Event: 18850.700 Thread 0x0000000018f9e000 Exception <a 'java/lang/NoSuchMethodError': java.lang.Object.slowCompare(Lcom/android/tools/r8/graph/PresortedComparable;Lcom/android/tools/r8/graph/PresortedComparable;)I> (0x00000000ea3f76c0) thrown at [D:\src\AOSP-openjdk-cygwin\jdk8u\hotspot\src\share
Event: 18851.963 Thread 0x000000001bb75000 Exception <a 'sun/nio/fs/WindowsException'> (0x00000000e980bb38) thrown at [D:\src\AOSP-openjdk-cygwin\jdk8u\hotspot\src\share\vm\prims\jni.cpp, line 709]

Events (10 events):
Event: 18852.325 Thread 0x000000001e59e800 Uncommon trap: trap_request=0xffffff65 fr.pc=0x0000000006cdd744
Event: 18852.325 Thread 0x000000001e59e800 DEOPT PACKING pc=0x0000000006cdd744 sp=0x00000000522feb40
Event: 18852.325 Thread 0x000000001e59e800 DEOPT UNPACKING pc=0x000000000241557b sp=0x00000000522fea90 mode 2
Event: 18852.407 loading class com/android/tools/r8/graph/DexProgramClass
Event: 18852.407 loading class com/android/tools/r8/graph/DexProgramClass done
Event: 18852.407 loading class com/android/tools/r8/graph/DexProgramClass
Event: 18852.407 loading class com/android/tools/r8/graph/DexProgramClass done
Event: 18853.273 Thread 0x000000001bb75000 Uncommon trap: trap_request=0xffffffde fr.pc=0x00000000051b36c4
Event: 18853.273 Thread 0x000000001bb75000 DEOPT PACKING pc=0x00000000051b36c4 sp=0x0000000051dfebb0
Event: 18853.273 Thread 0x000000001bb75000 DEOPT UNPACKING pc=0x000000000241557b sp=0x0000000051dfeb80 mode 2


Dynamic libraries:
0x00007ff720e50000 - 0x00007ff720e81000 	C:\Program Files\Android\Android Studio\jre\bin\java.exe
0x00007ffc5d850000 - 0x00007ffc5da31000 	C:\WINDOWS\SYSTEM32\ntdll.dll
0x00007ffc1e470000 - 0x00007ffc1e4a4000 	C:\Program Files\AVAST Software\Avast\x64\aswhooka.dll
0x00007ffc5d660000 - 0x00007ffc5d712000 	C:\WINDOWS\System32\KERNEL32.DLL
0x00007ffc5a2a0000 - 0x00007ffc5a513000 	C:\WINDOWS\System32\KERNELBASE.dll
0x00007ffc5b340000 - 0x00007ffc5b3e1000 	C:\WINDOWS\System32\ADVAPI32.dll
0x00007ffc5d720000 - 0x00007ffc5d7be000 	C:\WINDOWS\System32\msvcrt.dll
0x00007ffc5b2e0000 - 0x00007ffc5b33b000 	C:\WINDOWS\System32\sechost.dll
0x00007ffc5b5d0000 - 0x00007ffc5b6f4000 	C:\WINDOWS\System32\RPCRT4.dll
0x00007ffc5b410000 - 0x00007ffc5b5a0000 	C:\WINDOWS\System32\USER32.dll
0x00007ffc5a1e0000 - 0x00007ffc5a200000 	C:\WINDOWS\System32\win32u.dll
0x00007ffc5cc10000 - 0x00007ffc5cc38000 	C:\WINDOWS\System32\GDI32.dll
0x00007ffc59f40000 - 0x00007ffc5a0d2000 	C:\WINDOWS\System32\gdi32full.dll
0x00007ffc5a200000 - 0x00007ffc5a29f000 	C:\WINDOWS\System32\msvcp_win.dll
0x00007ffc5a0e0000 - 0x00007ffc5a1da000 	C:\WINDOWS\System32\ucrtbase.dll
0x00007ffc441d0000 - 0x00007ffc44439000 	C:\WINDOWS\WinSxS\amd64_microsoft.windows.common-controls_6595b64144ccf1df_6.0.17134.345_none_fb429a5930656358\COMCTL32.dll
0x00007ffc5ae30000 - 0x00007ffc5b153000 	C:\WINDOWS\System32\combase.dll
0x00007ffc59ec0000 - 0x00007ffc59f3a000 	C:\WINDOWS\System32\bcryptPrimitives.dll
0x00007ffc5d430000 - 0x00007ffc5d45d000 	C:\WINDOWS\System32\IMM32.DLL
0x00000000609b0000 - 0x0000000060a82000 	C:\Program Files\Android\Android Studio\jre\jre\bin\msvcr100.dll
0x000000005f5b0000 - 0x000000005fdef000 	C:\Program Files\Android\Android Studio\jre\jre\bin\server\jvm.dll
0x00007ffc5b5b0000 - 0x00007ffc5b5b8000 	C:\WINDOWS\System32\PSAPI.DLL
0x00007ffc401a0000 - 0x00007ffc401a9000 	C:\WINDOWS\SYSTEM32\WSOCK32.dll
0x00007ffc5d360000 - 0x00007ffc5d3cc000 	C:\WINDOWS\System32\WS2_32.dll
0x00007ffc53fc0000 - 0x00007ffc53fe3000 	C:\WINDOWS\SYSTEM32\WINMM.dll
0x00007ffc424e0000 - 0x00007ffc424ea000 	C:\WINDOWS\SYSTEM32\VERSION.dll
0x00007ffc53f90000 - 0x00007ffc53fba000 	C:\WINDOWS\SYSTEM32\WINMMBASE.dll
0x00007ffc5a520000 - 0x00007ffc5a569000 	C:\WINDOWS\System32\cfgmgr32.dll
0x00007ffc4be00000 - 0x00007ffc4be0f000 	C:\Program Files\Android\Android Studio\jre\jre\bin\verify.dll
0x00007ffc4b5d0000 - 0x00007ffc4b5f9000 	C:\Program Files\Android\Android Studio\jre\jre\bin\java.dll
0x00007ffc4b8f0000 - 0x00007ffc4b906000 	C:\Program Files\Android\Android Studio\jre\jre\bin\zip.dll
0x00007ffc5b700000 - 0x00007ffc5cb3f000 	C:\WINDOWS\System32\SHELL32.dll
0x00007ffc5ad80000 - 0x00007ffc5ae29000 	C:\WINDOWS\System32\shcore.dll
0x00007ffc5a5d0000 - 0x00007ffc5acdd000 	C:\WINDOWS\System32\windows.storage.dll
0x00007ffc5d460000 - 0x00007ffc5d4b1000 	C:\WINDOWS\System32\shlwapi.dll
0x00007ffc59b60000 - 0x00007ffc59b71000 	C:\WINDOWS\System32\kernel.appcore.dll
0x00007ffc59c00000 - 0x00007ffc59c1f000 	C:\WINDOWS\System32\profapi.dll
0x00007ffc59bb0000 - 0x00007ffc59bfc000 	C:\WINDOWS\System32\powrprof.dll
0x00007ffc59b80000 - 0x00007ffc59b8a000 	C:\WINDOWS\System32\FLTLIB.DLL
0x00007ffc4b3d0000 - 0x00007ffc4b3ea000 	C:\Program Files\Android\Android Studio\jre\jre\bin\net.dll
0x00007ffc593e0000 - 0x00007ffc59446000 	C:\WINDOWS\system32\mswsock.dll
0x00007ffc4aa60000 - 0x00007ffc4aa71000 	C:\Program Files\Android\Android Studio\jre\jre\bin\nio.dll
0x00007ffc4be90000 - 0x00007ffc4beae000 	C:\Users\Administrator\.gradle\native\25\windows-amd64\native-platform.dll
0x00007ffc4bd00000 - 0x00007ffc4bd0d000 	C:\Program Files\Android\Android Studio\jre\jre\bin\management.dll
0x00007ffc59590000 - 0x00007ffc595a7000 	C:\WINDOWS\SYSTEM32\CRYPTSP.dll
0x00007ffc58fc0000 - 0x00007ffc58ff3000 	C:\WINDOWS\system32\rsaenh.dll
0x00007ffc596c0000 - 0x00007ffc596e5000 	C:\WINDOWS\SYSTEM32\bcrypt.dll
0x00007ffc59a60000 - 0x00007ffc59a88000 	C:\WINDOWS\SYSTEM32\USERENV.dll
0x00007ffc595b0000 - 0x00007ffc595bb000 	C:\WINDOWS\SYSTEM32\CRYPTBASE.dll
0x00007ffc59160000 - 0x00007ffc59198000 	C:\WINDOWS\SYSTEM32\IPHLPAPI.DLL
0x00007ffc5b5a0000 - 0x00007ffc5b5a8000 	C:\WINDOWS\System32\NSI.dll
0x00007ffc4b2a0000 - 0x00007ffc4b2b6000 	C:\WINDOWS\SYSTEM32\dhcpcsvc6.DLL
0x00007ffc4b8d0000 - 0x00007ffc4b8ea000 	C:\WINDOWS\SYSTEM32\dhcpcsvc.DLL
0x00007ffc47380000 - 0x00007ffc473a4000 	C:\Program Files\Android\Android Studio\jre\jre\bin\sunec.dll
0x00007ffc591a0000 - 0x00007ffc5925e000 	C:\WINDOWS\SYSTEM32\DNSAPI.dll
0x00007ffc46670000 - 0x00007ffc4667a000 	C:\Windows\System32\rasadhlp.dll
0x00007ffc46910000 - 0x00007ffc46982000 	C:\WINDOWS\System32\fwpuclnt.dll
0x00007ffc4b3c0000 - 0x00007ffc4b3cb000 	C:\Program Files\Android\Android Studio\jre\jre\bin\sunmscapi.dll
0x00007ffc59cd0000 - 0x00007ffc59eb2000 	C:\WINDOWS\System32\CRYPT32.dll
0x00007ffc59b90000 - 0x00007ffc59ba2000 	C:\WINDOWS\System32\MSASN1.dll
0x00007ffc58c50000 - 0x00007ffc58c81000 	C:\WINDOWS\SYSTEM32\ntmarta.dll

VM Arguments:
jvm_args: -Xmx1536m -Dfile.encoding=windows-1252 -Duser.country=US -Duser.language=en -Duser.variant 
java_command: org.gradle.launcher.daemon.bootstrap.GradleDaemon 4.4
java_class_path (initial): C:\Users\Administrator\.gradle\wrapper\dists\gradle-4.4-all\9br9xq1tocpiv8o6njlyu5op1\gradle-4.4\lib\gradle-launcher-4.4.jar
Launcher Type: SUN_STANDARD

Environment Variables:
JAVA_HOME=C:\Program Files (x86)\Java\jdk1.8.0_172
PATH=C:\Program Files (x86)\Common Files\Intel\Shared Files\cpp\bin\Intel64;C:\Program Files (x86)\Intel\iCLS Client\;C:\Program Files\Intel\iCLS Client\;C:\WINDOWS\system32;C:\WINDOWS;C:\WINDOWS\System32\Wbem;C:\WINDOWS\System32\WindowsPowerShell\v1.0\;C:\Program Files (x86)\Intel\Intel(R) Management Engine Components\DAL;C:\Program Files\Intel\Intel(R) Management Engine Components\DAL;C:\Program Files (x86)\Intel\Intel(R) Management Engine Components\IPT;C:\Program Files\Intel\Intel(R) Management Engine Components\IPT;C:\Program Files\Git\cmd;C:\Program Files\dotnet\;C:\Program Files (x86)\Java\jdk1.8.0_172\bin;;C:\WINDOWS\System32\OpenSSH\;C:\Program Files\Intel\WiFi\bin\;C:\Program Files\Common Files\Intel\WirelessCommon\;C:\Users\Administrator\AppData\Local\Microsoft\WindowsApps;
USERNAME=Administrator
OS=Windows_NT
PROCESSOR_IDENTIFIER=Intel64 Family 6 Model 78 Stepping 3, GenuineIntel



---------------  S Y S T E M  ---------------

OS: Windows 10.0 , 64 bit Build 17134 (10.0.17134.1)

CPU:total 4 (initial active 4) (2 cores per cpu, 2 threads per core) family 6 model 78 stepping 3, cmov, cx8, fxsr, mmx, sse, sse2, sse3, ssse3, sse4.1, sse4.2, popcnt, avx, avx2, aes, clmul, erms, 3dnowpref, lzcnt, ht, tsc, tscinvbit, bmi1, bmi2, adx

Memory: 4k page, physical 8266336k(1392060k free), swap 10217056k(5000k free)

vm_info: OpenJDK 64-Bit Server VM (25.152-b02) for windows-amd64 JRE (1.8.0_152-release-1024-b02), built by "builder" with MS VC++ 10.0 (VS2010)

time: Thu Oct 25 05:13:25 2018
elapsed time: 18853 seconds (0d 5h 14m 13s)

