#
# There is insufficient memory for the Java Runtime Environment to continue.
# Native memory allocation (malloc) failed to allocate 1903904 bytes for Chunk::new
# Possible reasons:
#   The system is out of physical RAM or swap space
#   In 32 bit mode, the process size limit was hit
# Possible solutions:
#   Reduce memory load on the system
#   Increase physical memory or swap space
#   Check if swap backing store is full
#   Use 64 bit Java on a 64 bit OS
#   Decrease Java heap size (-Xmx/-Xms)
#   Decrease number of Java threads
#   Decrease Java thread stack sizes (-Xss)
#   Set larger code cache with -XX:ReservedCodeCacheSize=
# This output file may be truncated or incomplete.
#
#  Out of Memory Error (allocation.cpp:390), pid=1536, tid=0x000000000000156c
#
# JRE version: OpenJDK Runtime Environment (8.0_152-b02) (build 1.8.0_152-release-1024-b02)
# Java VM: OpenJDK 64-Bit Server VM (25.152-b02 mixed mode windows-amd64 compressed oops)
# Failed to write core dump. Minidumps are not enabled by default on client versions of Windows
#

---------------  T H R E A D  ---------------

Current thread (0x00000000167f0800):  JavaThread "C2 CompilerThread1" daemon [_thread_in_native, id=5484, stack(0x0000000017f80000,0x0000000018080000)]

Stack: [0x0000000017f80000,0x0000000018080000]
[error occurred during error reporting (printing stack bounds), id 0xc0000005]

Native frames: (J=compiled Java code, j=interpreted, Vv=VM code, C=native code)


Current CompileTask:
C2:  12535 5868       4       java.net.URLClassLoader$1::run (5 bytes)


---------------  P R O C E S S  ---------------

Java Threads: ( => current thread )
  0x000000001db7d000 JavaThread "Memory manager" [_thread_blocked, id=17056, stack(0x0000000021da0000,0x0000000021ea0000)]
  0x000000001db7c000 JavaThread "build operations Thread 4" [_thread_blocked, id=6952, stack(0x00000000215e0000,0x00000000216e0000)]
  0x000000001db7a000 JavaThread "build operations Thread 3" [_thread_blocked, id=8080, stack(0x00000000214e0000,0x00000000215e0000)]
  0x000000001db79000 JavaThread "build operations Thread 2" [_thread_blocked, id=10764, stack(0x000000001ffa0000,0x00000000200a0000)]
  0x000000001db78800 JavaThread "build operations" [_thread_blocked, id=6068, stack(0x000000001e940000,0x000000001ea40000)]
  0x000000001db7d800 JavaThread "Cache worker for Artifact transforms cache (C:\Users\Administrator\.gradle\caches\transforms-1)" [_thread_blocked, id=7116, stack(0x000000001e840000,0x000000001e940000)]
  0x0000000019dd3800 JavaThread "Cache worker for file hash cache (C:\Users\Administrator\Desktop\wrongparking\.gradle\4.4\fileHashes)" [_thread_blocked, id=14236, stack(0x000000001c3a0000,0x000000001c4a0000)]
  0x0000000019c2a000 JavaThread "File lock request listener" [_thread_in_native, id=12748, stack(0x000000001b2d0000,0x000000001b3d0000)]
  0x00000000198d1000 JavaThread "Cache worker for file hash cache (C:\Users\Administrator\.gradle\caches\4.4\fileHashes)" [_thread_blocked, id=9384, stack(0x000000001b1d0000,0x000000001b2d0000)]
  0x00000000196fb800 JavaThread "Stdin handler" [_thread_blocked, id=13988, stack(0x000000001aed0000,0x000000001afd0000)]
  0x00000000197bb800 JavaThread "Asynchronous log dispatcher for DefaultDaemonConnection: socket connection from /127.0.0.1:51313 to /127.0.0.1:51314" [_thread_blocked, id=6472, stack(0x000000001add0000,0x000000001aed0000)]
  0x00000000197b7800 JavaThread "Daemon worker" [_thread_in_Java, id=8784, stack(0x000000001acd0000,0x000000001add0000)]
  0x00000000197bf800 JavaThread "Cancel handler" [_thread_blocked, id=6404, stack(0x000000001abd0000,0x000000001acd0000)]
  0x000000001979c800 JavaThread "Handler for socket connection from /127.0.0.1:51313 to /127.0.0.1:51314" [_thread_in_native, id=7544, stack(0x000000001a8d0000,0x000000001a9d0000)]
  0x000000001979a800 JavaThread "Daemon" [_thread_blocked, id=15960, stack(0x000000001a7d0000,0x000000001a8d0000)]
  0x00000000199b8800 JavaThread "Daemon periodic checks" [_thread_blocked, id=9860, stack(0x000000001a6d0000,0x000000001a7d0000)]
  0x00000000199b9800 JavaThread "Incoming local TCP Connector on port 51313" [_thread_in_native, id=16192, stack(0x000000001a490000,0x000000001a590000)]
  0x00000000181a8800 JavaThread "Service Thread" daemon [_thread_blocked, id=10380, stack(0x0000000018580000,0x0000000018680000)]
  0x00000000167f9000 JavaThread "C1 CompilerThread2" daemon [_thread_blocked, id=3128, stack(0x0000000018080000,0x0000000018180000)]
=>0x00000000167f0800 JavaThread "C2 CompilerThread1" daemon [_thread_in_native, id=5484, stack(0x0000000017f80000,0x0000000018080000)]
  0x00000000167ec800 JavaThread "C2 CompilerThread0" daemon [_thread_in_native, id=848, stack(0x0000000017e80000,0x0000000017f80000)]
  0x00000000167eb800 JavaThread "Attach Listener" daemon [_thread_blocked, id=16808, stack(0x0000000017d80000,0x0000000017e80000)]
  0x00000000167ea800 JavaThread "Signal Dispatcher" daemon [_thread_blocked, id=12720, stack(0x0000000017c80000,0x0000000017d80000)]
  0x0000000002e7e800 JavaThread "Finalizer" daemon [_thread_blocked, id=5704, stack(0x0000000017a90000,0x0000000017b90000)]
  0x0000000002e72000 JavaThread "Reference Handler" daemon [_thread_blocked, id=10088, stack(0x0000000017990000,0x0000000017a90000)]
  0x0000000002c7e800 JavaThread "main" [_thread_blocked, id=12592, stack(0x0000000002c80000,0x0000000002d80000)]

Other Threads:
  0x00000000167b5800 VMThread [stack: 0x0000000017890000,0x0000000017990000] [id=12676]
  0x00000000181ad000 WatcherThread [stack: 0x0000000018680000,0x0000000018780000] [id=8772]

VM state:not at safepoint (normal execution)

VM Mutex/Monitor currently owned by a thread: None

Heap:
 PSYoungGen      total 169984K, used 114678K [0x00000000e0000000, 0x00000000ed580000, 0x0000000100000000)
  eden space 154112K, 64% used [0x00000000e0000000,0x00000000e60818e0,0x00000000e9680000)
  from space 15872K, 99% used [0x00000000e9680000,0x00000000ea5fc240,0x00000000ea600000)
  to   space 13312K, 0% used [0x00000000ea600000,0x00000000ea600000,0x00000000eb300000)
 ParOldGen       total 100352K, used 30884K [0x00000000a0000000, 0x00000000a6200000, 0x00000000e0000000)
  object space 100352K, 30% used [0x00000000a0000000,0x00000000a1e29320,0x00000000a6200000)
 Metaspace       used 54891K, capacity 56800K, committed 56832K, reserved 1097728K
  class space    used 7650K, capacity 8183K, committed 8192K, reserved 1048576K

Card table byte_map: [0x0000000012240000,0x0000000012550000] byte_map_base: 0x0000000011d40000

Marking Bits: (ParMarkBitMap*) 0x0000000069824970
 Begin Bits: [0x0000000012b50000, 0x0000000014350000)
 End Bits:   [0x0000000014350000, 0x0000000015b50000)

Polling page: 0x00000000011c0000

CodeCache: size=245760Kb used=19020Kb max_used=19020Kb free=226739Kb
 bounds [0x0000000002e80000, 0x0000000004130000, 0x0000000011e80000]
 total_blobs=6362 nmethods=5608 adapters=666
 compilation: enabled

Compilation events (10 events):
Event: 12.520 Thread 0x00000000167f9000 6060       2       org.codehaus.groovy.runtime.callsite.CallSiteArray$1::run (5 bytes)
Event: 12.521 Thread 0x00000000167f9000 nmethod 6060 0x000000000411cd10 code [0x000000000411cea0, 0x000000000411d138]
Event: 12.521 Thread 0x00000000167f9000 6061   !   2       org.codehaus.groovy.runtime.callsite.CallSiteArray$1::run (25 bytes)
Event: 12.522 Thread 0x00000000167f9000 nmethod 6061 0x000000000411d390 code [0x000000000411d540, 0x000000000411d918]
Event: 12.522 Thread 0x00000000167f9000 6062       2       groovy.lang.Closure::<init> (52 bytes)
Event: 12.523 Thread 0x00000000167f9000 nmethod 6062 0x000000000411dd90 code [0x000000000411df80, 0x000000000411e528]
Event: 12.523 Thread 0x00000000167f9000 6063       2       org.codehaus.groovy.runtime.callsite.AbstractCallSite::callConstructor (9 bytes)
Event: 12.523 Thread 0x00000000167f9000 nmethod 6063 0x000000000411f050 code [0x000000000411f1c0, 0x000000000411f348]
Event: 12.526 Thread 0x00000000167f9000 6064       2       org.gradle.api.internal.ConventionAwareHelper::getConventionValue (106 bytes)
Event: 12.526 Thread 0x00000000167f9000 nmethod 6064 0x000000000411f3d0 code [0x000000000411f580, 0x000000000411f9c8]

GC Heap History (10 events):
Event: 5.236 GC heap before
{Heap before GC invocations=7 (full 1):
 PSYoungGen      total 71680K, used 66560K [0x00000000e0000000, 0x00000000e9600000, 0x0000000100000000)
  eden space 66560K, 100% used [0x00000000e0000000,0x00000000e4100000,0x00000000e4100000)
  from space 5120K, 0% used [0x00000000e4100000,0x00000000e4100000,0x00000000e4600000)
  to   space 10240K, 0% used [0x00000000e8c00000,0x00000000e8c00000,0x00000000e9600000)
 ParOldGen       total 59904K, used 8208K [0x00000000a0000000, 0x00000000a3a80000, 0x00000000e0000000)
  object space 59904K, 13% used [0x00000000a0000000,0x00000000a0804370,0x00000000a3a80000)
 Metaspace       used 26508K, capacity 27048K, committed 27136K, reserved 1073152K
  class space    used 3644K, capacity 3809K, committed 3840K, reserved 1048576K
Event: 5.247 GC heap after
Heap after GC invocations=7 (full 1):
 PSYoungGen      total 110592K, used 6795K [0x00000000e0000000, 0x00000000e9300000, 0x0000000100000000)
  eden space 103424K, 0% used [0x00000000e0000000,0x00000000e0000000,0x00000000e6500000)
  from space 7168K, 94% used [0x00000000e8c00000,0x00000000e92a2d78,0x00000000e9300000)
  to   space 9728K, 0% used [0x00000000e8000000,0x00000000e8000000,0x00000000e8980000)
 ParOldGen       total 59904K, used 8216K [0x00000000a0000000, 0x00000000a3a80000, 0x00000000e0000000)
  object space 59904K, 13% used [0x00000000a0000000,0x00000000a0806370,0x00000000a3a80000)
 Metaspace       used 26508K, capacity 27048K, committed 27136K, reserved 1073152K
  class space    used 3644K, capacity 3809K, committed 3840K, reserved 1048576K
}
Event: 7.348 GC heap before
{Heap before GC invocations=8 (full 1):
 PSYoungGen      total 110592K, used 104957K [0x00000000e0000000, 0x00000000e9300000, 0x0000000100000000)
  eden space 103424K, 94% used [0x00000000e0000000,0x00000000e5fdc6b8,0x00000000e6500000)
  from space 7168K, 94% used [0x00000000e8c00000,0x00000000e92a2d78,0x00000000e9300000)
  to   space 9728K, 0% used [0x00000000e8000000,0x00000000e8000000,0x00000000e8980000)
 ParOldGen       total 59904K, used 8216K [0x00000000a0000000, 0x00000000a3a80000, 0x00000000e0000000)
  object space 59904K, 13% used [0x00000000a0000000,0x00000000a0806370,0x00000000a3a80000)
 Metaspace       used 34564K, capacity 35300K, committed 35416K, reserved 1079296K
  class space    used 4840K, capacity 5091K, committed 5120K, reserved 1048576K
Event: 7.368 GC heap after
Heap after GC invocations=8 (full 1):
 PSYoungGen      total 140800K, used 9723K [0x00000000e0000000, 0x00000000eb300000, 0x0000000100000000)
  eden space 131072K, 0% used [0x00000000e0000000,0x00000000e0000000,0x00000000e8000000)
  from space 9728K, 99% used [0x00000000e8000000,0x00000000e897ef98,0x00000000e8980000)
  to   space 13312K, 0% used [0x00000000ea600000,0x00000000ea600000,0x00000000eb300000)
 ParOldGen       total 59904K, used 12724K [0x00000000a0000000, 0x00000000a3a80000, 0x00000000e0000000)
  object space 59904K, 21% used [0x00000000a0000000,0x00000000a0c6d2e0,0x00000000a3a80000)
 Metaspace       used 34564K, capacity 35300K, committed 35416K, reserved 1079296K
  class space    used 4840K, capacity 5091K, committed 5120K, reserved 1048576K
}
Event: 7.368 GC heap before
{Heap before GC invocations=9 (full 2):
 PSYoungGen      total 140800K, used 9723K [0x00000000e0000000, 0x00000000eb300000, 0x0000000100000000)
  eden space 131072K, 0% used [0x00000000e0000000,0x00000000e0000000,0x00000000e8000000)
  from space 9728K, 99% used [0x00000000e8000000,0x00000000e897ef98,0x00000000e8980000)
  to   space 13312K, 0% used [0x00000000ea600000,0x00000000ea600000,0x00000000eb300000)
 ParOldGen       total 59904K, used 12724K [0x00000000a0000000, 0x00000000a3a80000, 0x00000000e0000000)
  object space 59904K, 21% used [0x00000000a0000000,0x00000000a0c6d2e0,0x00000000a3a80000)
 Metaspace       used 34564K, capacity 35300K, committed 35416K, reserved 1079296K
  class space    used 4840K, capacity 5091K, committed 5120K, reserved 1048576K
Event: 7.470 GC heap after
Heap after GC invocations=9 (full 2):
 PSYoungGen      total 140800K, used 0K [0x00000000e0000000, 0x00000000eb300000, 0x0000000100000000)
  eden space 131072K, 0% used [0x00000000e0000000,0x00000000e0000000,0x00000000e8000000)
  from space 9728K, 0% used [0x00000000e8000000,0x00000000e8000000,0x00000000e8980000)
  to   space 13312K, 0% used [0x00000000ea600000,0x00000000ea600000,0x00000000eb300000)
 ParOldGen       total 100352K, used 20596K [0x00000000a0000000, 0x00000000a6200000, 0x00000000e0000000)
  object space 100352K, 20% used [0x00000000a0000000,0x00000000a141d1c0,0x00000000a6200000)
 Metaspace       used 34564K, capacity 35300K, committed 35416K, reserved 1079296K
  class space    used 4840K, capacity 5091K, committed 5120K, reserved 1048576K
}
Event: 9.251 GC heap before
{Heap before GC invocations=10 (full 2):
 PSYoungGen      total 140800K, used 131072K [0x00000000e0000000, 0x00000000eb300000, 0x0000000100000000)
  eden space 131072K, 100% used [0x00000000e0000000,0x00000000e8000000,0x00000000e8000000)
  from space 9728K, 0% used [0x00000000e8000000,0x00000000e8000000,0x00000000e8980000)
  to   space 13312K, 0% used [0x00000000ea600000,0x00000000ea600000,0x00000000eb300000)
 ParOldGen       total 100352K, used 20596K [0x00000000a0000000, 0x00000000a6200000, 0x00000000e0000000)
  object space 100352K, 20% used [0x00000000a0000000,0x00000000a141d1c0,0x00000000a6200000)
 Metaspace       used 42544K, capacity 43620K, committed 43904K, reserved 1087488K
  class space    used 5855K, capacity 6182K, committed 6272K, reserved 1048576K
Event: 9.282 GC heap after
Heap after GC invocations=10 (full 2):
 PSYoungGen      total 167424K, used 13298K [0x00000000e0000000, 0x00000000ed580000, 0x0000000100000000)
  eden space 154112K, 0% used [0x00000000e0000000,0x00000000e0000000,0x00000000e9680000)
  from space 13312K, 99% used [0x00000000ea600000,0x00000000eb2fc978,0x00000000eb300000)
  to   space 15872K, 0% used [0x00000000e9680000,0x00000000e9680000,0x00000000ea600000)
 ParOldGen       total 100352K, used 22109K [0x00000000a0000000, 0x00000000a6200000, 0x00000000e0000000)
  object space 100352K, 22% used [0x00000000a0000000,0x00000000a15974c8,0x00000000a6200000)
 Metaspace       used 42544K, capacity 43620K, committed 43904K, reserved 1087488K
  class space    used 5855K, capacity 6182K, committed 6272K, reserved 1048576K
}
Event: 11.781 GC heap before
{Heap before GC invocations=11 (full 2):
 PSYoungGen      total 167424K, used 167410K [0x00000000e0000000, 0x00000000ed580000, 0x0000000100000000)
  eden space 154112K, 100% used [0x00000000e0000000,0x00000000e9680000,0x00000000e9680000)
  from space 13312K, 99% used [0x00000000ea600000,0x00000000eb2fc978,0x00000000eb300000)
  to   space 15872K, 0% used [0x00000000e9680000,0x00000000e9680000,0x00000000ea600000)
 ParOldGen       total 100352K, used 22109K [0x00000000a0000000, 0x00000000a6200000, 0x00000000e0000000)
  object space 100352K, 22% used [0x00000000a0000000,0x00000000a15974c8,0x00000000a6200000)
 Metaspace       used 54034K, capacity 55836K, committed 55936K, reserved 1097728K
  class space    used 7508K, capacity 7973K, committed 8064K, reserved 1048576K
Event: 11.820 GC heap after
Heap after GC invocations=11 (full 2):
 PSYoungGen      total 169984K, used 15856K [0x00000000e0000000, 0x00000000ed580000, 0x0000000100000000)
  eden space 154112K, 0% used [0x00000000e0000000,0x00000000e0000000,0x00000000e9680000)
  from space 15872K, 99% used [0x00000000e9680000,0x00000000ea5fc240,0x00000000ea600000)
  to   space 13312K, 0% used [0x00000000ea600000,0x00000000ea600000,0x00000000eb300000)
 ParOldGen       total 100352K, used 30884K [0x00000000a0000000, 0x00000000a6200000, 0x00000000e0000000)
  object space 100352K, 30% used [0x00000000a0000000,0x00000000a1e29320,0x00000000a6200000)
 Metaspace       used 54034K, capacity 55836K, committed 55936K, reserved 1097728K
  class space    used 7508K, capacity 7973K, committed 8064K, reserved 1048576K
}

Deoptimization events (10 events):
Event: 11.317 Thread 0x00000000197b7800 Uncommon trap: reason=class_check action=maybe_recompile pc=0x0000000003f62298 method=org.gradle.model.internal.type.ModelType.wrap(Ljava/lang/reflect/Type;)Lorg/gradle/model/internal/type/TypeWrapper; @ 33
Event: 11.317 Thread 0x00000000197b7800 Uncommon trap: reason=class_check action=maybe_recompile pc=0x0000000003f62420 method=org.gradle.model.internal.type.ModelType.wrap(Ljava/lang/reflect/Type;)Lorg/gradle/model/internal/type/TypeWrapper; @ 83
Event: 11.588 Thread 0x00000000197b7800 Uncommon trap: reason=class_check action=maybe_recompile pc=0x0000000003c46640 method=java.util.regex.Matcher.search(I)Z @ 86
Event: 11.590 Thread 0x00000000197b7800 Uncommon trap: reason=class_check action=maybe_recompile pc=0x0000000003c46640 method=java.util.regex.Matcher.search(I)Z @ 86
Event: 11.591 Thread 0x00000000197b7800 Uncommon trap: reason=class_check action=maybe_recompile pc=0x0000000003c46640 method=java.util.regex.Matcher.search(I)Z @ 86
Event: 11.673 Thread 0x00000000197b7800 Uncommon trap: reason=class_check action=maybe_recompile pc=0x00000000031fc0c0 method=java.lang.Throwable.<init>(Ljava/lang/String;Ljava/lang/Throwable;)V @ 24
Event: 11.673 Thread 0x00000000197b7800 Uncommon trap: reason=class_check action=maybe_recompile pc=0x00000000031fc0c0 method=java.lang.Throwable.<init>(Ljava/lang/String;Ljava/lang/Throwable;)V @ 24
Event: 11.674 Thread 0x00000000197b7800 Uncommon trap: reason=class_check action=maybe_recompile pc=0x00000000031fc0c0 method=java.lang.Throwable.<init>(Ljava/lang/String;Ljava/lang/Throwable;)V @ 24
Event: 11.674 Thread 0x00000000197b7800 Uncommon trap: reason=class_check action=maybe_recompile pc=0x00000000031fc0c0 method=java.lang.Throwable.<init>(Ljava/lang/String;Ljava/lang/Throwable;)V @ 24
Event: 11.707 Thread 0x00000000197b7800 Uncommon trap: reason=unstable_if action=reinterpret pc=0x0000000003fc347c method=groovy.lang.MetaClassImpl.filterPropertyMethod(Ljava/lang/Object;ZZ)Ljava/lang/Object; @ 60

Classes redefined (0 events):
No events

Internal exceptions (10 events):
Event: 12.487 Thread 0x00000000197b7800 Exception <a 'java/lang/ClassNotFoundException': org/gradle/api/internal/tasks/DefaultSourceSetContainerBeanInfo> (0x00000000e5a3cd28) thrown at [D:\src\AOSP-openjdk-cygwin\jdk8u\hotspot\src\share\vm\classfile\systemDictionary.cpp, line 210]
Event: 12.487 Thread 0x00000000197b7800 Exception <a 'java/lang/ClassNotFoundException': org/gradle/api/internal/tasks/DefaultSourceSetContainerCustomizer> (0x00000000e5a63d00) thrown at [D:\src\AOSP-openjdk-cygwin\jdk8u\hotspot\src\share\vm\classfile\systemDictionary.cpp, line 210]
Event: 12.488 Thread 0x00000000197b7800 Exception <a 'java/lang/ClassNotFoundException': org/gradle/api/internal/tasks/DefaultSourceSetContainer_DecoratedCustomizer> (0x00000000e5a9e590) thrown at [D:\src\AOSP-openjdk-cygwin\jdk8u\hotspot\src\share\vm\classfile\systemDictionary.cpp, line 210]
Event: 12.491 Thread 0x00000000197b7800 Exception <a 'java/lang/ClassNotFoundException': org/gradle/api/tasks/SourceSetContainerBeanInfo> (0x00000000e5b04920) thrown at [D:\src\AOSP-openjdk-cygwin\jdk8u\hotspot\src\share\vm\classfile\systemDictionary.cpp, line 210]
Event: 12.491 Thread 0x00000000197b7800 Exception <a 'java/lang/ClassNotFoundException': org/gradle/api/tasks/SourceSetContainerCustomizer> (0x00000000e5b24c48) thrown at [D:\src\AOSP-openjdk-cygwin\jdk8u\hotspot\src\share\vm\classfile\systemDictionary.cpp, line 210]
Event: 12.505 Thread 0x00000000197b7800 Exception <a 'java/lang/ClassNotFoundException': org/gradle/api/tasks/SourceSetBeanInfo> (0x00000000e5bd7540) thrown at [D:\src\AOSP-openjdk-cygwin\jdk8u\hotspot\src\share\vm\classfile\systemDictionary.cpp, line 210]
Event: 12.505 Thread 0x00000000197b7800 Exception <a 'java/lang/ClassNotFoundException': org/gradle/api/tasks/SourceSetCustomizer> (0x00000000e5bf41d0) thrown at [D:\src\AOSP-openjdk-cygwin\jdk8u\hotspot\src\share\vm\classfile\systemDictionary.cpp, line 210]
Event: 12.523 Thread 0x00000000197b7800 Exception <a 'java/lang/ClassNotFoundException': org/jetbrains/plugins/gradle/model/DefaultExternalPluginBeanInfo> (0x00000000e5caf4c8) thrown at [D:\src\AOSP-openjdk-cygwin\jdk8u\hotspot\src\share\vm\classfile\systemDictionary.cpp, line 210]
Event: 12.524 Thread 0x00000000197b7800 Exception <a 'java/lang/ClassNotFoundException': org/jetbrains/plugins/gradle/model/DefaultExternalPluginCustomizer> (0x00000000e5cc02a8) thrown at [D:\src\AOSP-openjdk-cygwin\jdk8u\hotspot\src\share\vm\classfile\systemDictionary.cpp, line 210]
Event: 12.529 Thread 0x00000000197b7800 Exception <a 'java/lang/ClassNotFoundException': org/gradle/api/internal/artifacts/DefaultPublishArtifactSetBeanInfo> (0x00000000e5d1d660) thrown at [D:\src\AOSP-openjdk-cygwin\jdk8u\hotspot\src\share\vm\classfile\systemDictionary.cpp, line 210]

Events (10 events):
Event: 12.527 loading class groovy/runtime/metaclass/org/gradle/api/internal/artifacts/DefaultPublishArtifactSetMetaClass
Event: 12.527 loading class groovy/runtime/metaclass/org/gradle/api/internal/artifacts/DefaultPublishArtifactSetMetaClass done
Event: 12.528 loading class org/gradle/api/internal/artifacts/DefaultPublishArtifactSetBeanInfo
Event: 12.528 loading class org/gradle/api/internal/artifacts/DefaultPublishArtifactSetBeanInfo done
Event: 12.529 loading class org/gradle/api/internal/artifacts/DefaultPublishArtifactSetBeanInfo
Event: 12.529 loading class org/gradle/api/internal/artifacts/DefaultPublishArtifactSetBeanInfo done
Event: 12.529 loading class org/gradle/api/internal/artifacts/DefaultPublishArtifactSetBeanInfo
Event: 12.529 loading class org/gradle/api/internal/artifacts/DefaultPublishArtifactSetBeanInfo done
Event: 12.529 loading class org/gradle/api/internal/DelegatingDomainObjectSetBeanInfo
Event: 12.529 loading class org/gradle/api/internal/DelegatingDomainObjectSetBeanInfo done


Dynamic libraries:
0x00007ff617760000 - 0x00007ff617791000 	C:\Program Files\Android\Android Studio\jre\bin\java.exe
0x00007ffdb38a0000 - 0x00007ffdb3a81000 	C:\WINDOWS\SYSTEM32\ntdll.dll
0x00007ffd91120000 - 0x00007ffd91154000 	C:\Program Files\AVAST Software\Avast\x64\aswhooka.dll
0x00007ffdb0d40000 - 0x00007ffdb0df2000 	C:\WINDOWS\System32\KERNEL32.DLL
0x00007ffdb0910000 - 0x00007ffdb0b83000 	C:\WINDOWS\System32\KERNELBASE.dll
0x00007ffdb3700000 - 0x00007ffdb37a1000 	C:\WINDOWS\System32\ADVAPI32.dll
0x00007ffdb31d0000 - 0x00007ffdb326e000 	C:\WINDOWS\System32\msvcrt.dll
0x00007ffdb3810000 - 0x00007ffdb386b000 	C:\WINDOWS\System32\sechost.dll
0x00007ffdb1070000 - 0x00007ffdb1194000 	C:\WINDOWS\System32\RPCRT4.dll
0x00007ffdb2ea0000 - 0x00007ffdb3030000 	C:\WINDOWS\System32\USER32.dll
0x00007ffdb08f0000 - 0x00007ffdb0910000 	C:\WINDOWS\System32\win32u.dll
0x00007ffdb17e0000 - 0x00007ffdb1808000 	C:\WINDOWS\System32\GDI32.dll
0x00007ffdb0b90000 - 0x00007ffdb0d22000 	C:\WINDOWS\System32\gdi32full.dll
0x00007ffdafc70000 - 0x00007ffdafd0f000 	C:\WINDOWS\System32\msvcp_win.dll
0x00007ffdb0550000 - 0x00007ffdb064a000 	C:\WINDOWS\System32\ucrtbase.dll
0x00007ffda07d0000 - 0x00007ffda0a39000 	C:\WINDOWS\WinSxS\amd64_microsoft.windows.common-controls_6595b64144ccf1df_6.0.17134.345_none_fb429a5930656358\COMCTL32.dll
0x00007ffdb33d0000 - 0x00007ffdb36f3000 	C:\WINDOWS\System32\combase.dll
0x00007ffdafd10000 - 0x00007ffdafd8a000 	C:\WINDOWS\System32\bcryptPrimitives.dll
0x00007ffdb16b0000 - 0x00007ffdb16dd000 	C:\WINDOWS\System32\IMM32.DLL
0x0000000068d70000 - 0x0000000068e42000 	C:\Program Files\Android\Android Studio\jre\jre\bin\msvcr100.dll
0x0000000069060000 - 0x000000006989f000 	C:\Program Files\Android\Android Studio\jre\jre\bin\server\jvm.dll
0x00007ffdb0d30000 - 0x00007ffdb0d38000 	C:\WINDOWS\System32\PSAPI.DLL
0x00007ffd97ee0000 - 0x00007ffd97ee9000 	C:\WINDOWS\SYSTEM32\WSOCK32.dll
0x00007ffdb2e30000 - 0x00007ffdb2e9c000 	C:\WINDOWS\System32\WS2_32.dll
0x00007ffdac020000 - 0x00007ffdac043000 	C:\WINDOWS\SYSTEM32\WINMM.dll
0x00007ffd9bd60000 - 0x00007ffd9bd6a000 	C:\WINDOWS\SYSTEM32\VERSION.dll
0x00007ffdabff0000 - 0x00007ffdac01a000 	C:\WINDOWS\SYSTEM32\WINMMBASE.dll
0x00007ffdb0650000 - 0x00007ffdb0699000 	C:\WINDOWS\System32\cfgmgr32.dll
0x00007ffd97040000 - 0x00007ffd9704f000 	C:\Program Files\Android\Android Studio\jre\jre\bin\verify.dll
0x00007ffd783a0000 - 0x00007ffd783c9000 	C:\Program Files\Android\Android Studio\jre\jre\bin\java.dll
0x00007ffd78380000 - 0x00007ffd78396000 	C:\Program Files\Android\Android Studio\jre\jre\bin\zip.dll
0x00007ffdb1910000 - 0x00007ffdb2d4f000 	C:\WINDOWS\System32\SHELL32.dll
0x00007ffdb11a0000 - 0x00007ffdb1249000 	C:\WINDOWS\System32\shcore.dll
0x00007ffdafd90000 - 0x00007ffdb049d000 	C:\WINDOWS\System32\windows.storage.dll
0x00007ffdb1700000 - 0x00007ffdb1751000 	C:\WINDOWS\System32\shlwapi.dll
0x00007ffdafc10000 - 0x00007ffdafc21000 	C:\WINDOWS\System32\kernel.appcore.dll
0x00007ffdafc30000 - 0x00007ffdafc4f000 	C:\WINDOWS\System32\profapi.dll
0x00007ffdafbc0000 - 0x00007ffdafc0c000 	C:\WINDOWS\System32\powrprof.dll
0x00007ffdafbb0000 - 0x00007ffdafbba000 	C:\WINDOWS\System32\FLTLIB.DLL
0x00007ffd77d90000 - 0x00007ffd77daa000 	C:\Program Files\Android\Android Studio\jre\jre\bin\net.dll
0x00007ffdaf3d0000 - 0x00007ffdaf436000 	C:\WINDOWS\system32\mswsock.dll
0x00007ffd77d70000 - 0x00007ffd77d81000 	C:\Program Files\Android\Android Studio\jre\jre\bin\nio.dll
0x00007ffd81560000 - 0x00007ffd8157e000 	C:\Users\Administrator\.gradle\native\25\windows-amd64\native-platform.dll
0x00007ffd8ec70000 - 0x00007ffd8ec7d000 	C:\Program Files\Android\Android Studio\jre\jre\bin\management.dll
0x00007ffdaf580000 - 0x00007ffdaf597000 	C:\WINDOWS\SYSTEM32\CRYPTSP.dll
0x00007ffdaefb0000 - 0x00007ffdaefe3000 	C:\WINDOWS\system32\rsaenh.dll
0x00007ffdaf6b0000 - 0x00007ffdaf6d5000 	C:\WINDOWS\SYSTEM32\bcrypt.dll
0x00007ffdafae0000 - 0x00007ffdafb08000 	C:\WINDOWS\SYSTEM32\USERENV.dll
0x00007ffdaf5a0000 - 0x00007ffdaf5ab000 	C:\WINDOWS\SYSTEM32\CRYPTBASE.dll
0x00007ffdaf150000 - 0x00007ffdaf188000 	C:\WINDOWS\SYSTEM32\IPHLPAPI.DLL
0x00007ffdb2d50000 - 0x00007ffdb2d58000 	C:\WINDOWS\System32\NSI.dll
0x00007ffda4fb0000 - 0x00007ffda4fc6000 	C:\WINDOWS\SYSTEM32\dhcpcsvc6.DLL
0x00007ffda95c0000 - 0x00007ffda95da000 	C:\WINDOWS\SYSTEM32\dhcpcsvc.DLL

VM Arguments:
jvm_args: -Xmx1536m -Dfile.encoding=windows-1252 -Duser.country=US -Duser.language=en -Duser.variant 
java_command: org.gradle.launcher.daemon.bootstrap.GradleDaemon 4.4
java_class_path (initial): C:\Users\Administrator\.gradle\wrapper\dists\gradle-4.4-all\9br9xq1tocpiv8o6njlyu5op1\gradle-4.4\lib\gradle-launcher-4.4.jar
Launcher Type: SUN_STANDARD

Environment Variables:
JAVA_HOME=C:\Program Files (x86)\Java\jdk1.8.0_172
PATH=C:\Program Files (x86)\Common Files\Intel\Shared Files\cpp\bin\Intel64;C:\Program Files (x86)\Intel\iCLS Client\;C:\Program Files\Intel\iCLS Client\;C:\WINDOWS\system32;C:\WINDOWS;C:\WINDOWS\System32\Wbem;C:\WINDOWS\System32\WindowsPowerShell\v1.0\;C:\Program Files (x86)\Intel\Intel(R) Management Engine Components\DAL;C:\Program Files\Intel\Intel(R) Management Engine Components\DAL;C:\Program Files (x86)\Intel\Intel(R) Management Engine Components\IPT;C:\Program Files\Intel\Intel(R) Management Engine Components\IPT;C:\Program Files\Intel\WiFi\bin\;C:\Program Files\Common Files\Intel\WirelessCommon\;C:\Program Files\Git\cmd;C:\Program Files\dotnet\;C:\Program Files (x86)\Java\jdk1.8.0_172\bin;;C:\WINDOWS\System32\OpenSSH\;C:\Users\Administrator\AppData\Local\Microsoft\WindowsApps;
USERNAME=Administrator
OS=Windows_NT
PROCESSOR_IDENTIFIER=Intel64 Family 6 Model 78 Stepping 3, GenuineIntel



---------------  S Y S T E M  ---------------

OS: Windows 10.0 , 64 bit Build 17134 (10.0.17134.1)

CPU:total 4 (initial active 4) (2 cores per cpu, 2 threads per core) family 6 model 78 stepping 3, cmov, cx8, fxsr, mmx, sse, sse2, sse3, ssse3, sse4.1, sse4.2, popcnt, avx, avx2, aes, clmul, erms, 3dnowpref, lzcnt, ht, tsc, tscinvbit, bmi1, bmi2, adx

Memory: 4k page, physical 8266336k(1065824k free), swap 10217056k(7976k free)

vm_info: OpenJDK 64-Bit Server VM (25.152-b02) for windows-amd64 JRE (1.8.0_152-release-1024-b02), built by "builder" with MS VC++ 10.0 (VS2010)

time: Sun Oct 21 17:27:36 2018
elapsed time: 12 seconds (0d 0h 0m 12s)

