#
# There is insufficient memory for the Java Runtime Environment to continue.
# Native memory allocation (malloc) failed to allocate 262160 bytes for Chunk::new
# Possible reasons:
#   The system is out of physical RAM or swap space
#   In 32 bit mode, the process size limit was hit
# Possible solutions:
#   Reduce memory load on the system
#   Increase physical memory or swap space
#   Check if swap backing store is full
#   Use 64 bit Java on a 64 bit OS
#   Decrease Java heap size (-Xmx/-Xms)
#   Decrease number of Java threads
#   Decrease Java thread stack sizes (-Xss)
#   Set larger code cache with -XX:ReservedCodeCacheSize=
# This output file may be truncated or incomplete.
#
#  Out of Memory Error (allocation.cpp:390), pid=11740, tid=0x00000000000024bc
#
# JRE version: OpenJDK Runtime Environment (8.0_152-b02) (build 1.8.0_152-release-1024-b02)
# Java VM: OpenJDK 64-Bit Server VM (25.152-b02 mixed mode windows-amd64 compressed oops)
# Failed to write core dump. Minidumps are not enabled by default on client versions of Windows
#

---------------  T H R E A D  ---------------

Current thread (0x0000000015dcb800):  JavaThread "C2 CompilerThread0" daemon [_thread_in_native, id=9404, stack(0x0000000017320000,0x0000000017420000)]

Stack: [0x0000000017320000,0x0000000017420000]
[error occurred during error reporting (printing stack bounds), id 0xc0000005]

Native frames: (J=compiled Java code, j=interpreted, Vv=VM code, C=native code)


Current CompileTask:
C2:   3097 1331       4       java.net.URLClassLoader$1::run (5 bytes)


---------------  P R O C E S S  ---------------

Java Threads: ( => current thread )
  0x0000000018b61800 JavaThread "Stdin handler" [_thread_blocked, id=11180, stack(0x000000001a370000,0x000000001a470000)]
  0x0000000018b5d800 JavaThread "Asynchronous log dispatcher for DefaultDaemonConnection: socket connection from /127.0.0.1:56767 to /127.0.0.1:56768" [_thread_blocked, id=11252, stack(0x000000001a270000,0x000000001a370000)]
  0x0000000018d26800 JavaThread "Daemon worker" [_thread_in_vm, id=12576, stack(0x000000001a170000,0x000000001a270000)]
  0x0000000018d23800 JavaThread "Cancel handler" [_thread_blocked, id=10212, stack(0x000000001a070000,0x000000001a170000)]
  0x0000000018a7c000 JavaThread "Handler for socket connection from /127.0.0.1:56767 to /127.0.0.1:56768" [_thread_in_native, id=9824, stack(0x0000000019d70000,0x0000000019e70000)]
  0x0000000018a7a800 JavaThread "Daemon" [_thread_blocked, id=12912, stack(0x0000000019c70000,0x0000000019d70000)]
  0x0000000018a8a000 JavaThread "Daemon periodic checks" [_thread_blocked, id=6064, stack(0x0000000019b70000,0x0000000019c70000)]
  0x0000000018a7d000 JavaThread "Incoming local TCP Connector on port 56767" [_thread_in_native, id=14188, stack(0x0000000019930000,0x0000000019a30000)]
  0x0000000017648800 JavaThread "Service Thread" daemon [_thread_blocked, id=13796, stack(0x0000000017a20000,0x0000000017b20000)]
  0x0000000015dd9000 JavaThread "C1 CompilerThread2" daemon [_thread_blocked, id=14516, stack(0x0000000017520000,0x0000000017620000)]
  0x0000000015dd3000 JavaThread "C2 CompilerThread1" daemon [_thread_blocked, id=5604, stack(0x0000000017420000,0x0000000017520000)]
=>0x0000000015dcb800 JavaThread "C2 CompilerThread0" daemon [_thread_in_native, id=9404, stack(0x0000000017320000,0x0000000017420000)]
  0x0000000015dca000 JavaThread "Attach Listener" daemon [_thread_blocked, id=10016, stack(0x0000000017220000,0x0000000017320000)]
  0x0000000015dc8800 JavaThread "Signal Dispatcher" daemon [_thread_blocked, id=3020, stack(0x0000000017120000,0x0000000017220000)]
  0x000000000245b800 JavaThread "Finalizer" daemon [_thread_blocked, id=14564, stack(0x0000000017020000,0x0000000017120000)]
  0x0000000002452000 JavaThread "Reference Handler" daemon [_thread_blocked, id=2528, stack(0x0000000016f20000,0x0000000017020000)]
  0x000000000235e800 JavaThread "main" [_thread_blocked, id=484, stack(0x0000000002160000,0x0000000002260000)]

Other Threads:
  0x0000000015d94800 VMThread [stack: 0x0000000016e20000,0x0000000016f20000] [id=13928]
  0x0000000017628800 WatcherThread [stack: 0x0000000017b20000,0x0000000017c20000] [id=11632]

VM state:not at safepoint (normal execution)

VM Mutex/Monitor currently owned by a thread: None

Heap:
 PSYoungGen      total 38400K, used 35684K [0x00000000e0000000, 0x00000000e2a80000, 0x0000000100000000)
  eden space 33280K, 91% used [0x00000000e0000000,0x00000000e1dd9d98,0x00000000e2080000)
  from space 5120K, 99% used [0x00000000e2580000,0x00000000e2a7f590,0x00000000e2a80000)
  to   space 5120K, 0% used [0x00000000e2080000,0x00000000e2080000,0x00000000e2580000)
 ParOldGen       total 87552K, used 349K [0x00000000a0000000, 0x00000000a5580000, 0x00000000e0000000)
  object space 87552K, 0% used [0x00000000a0000000,0x00000000a0057678,0x00000000a5580000)
 Metaspace       used 14129K, capacity 14422K, committed 14720K, reserved 1062912K
  class space    used 1970K, capacity 2091K, committed 2176K, reserved 1048576K

Card table byte_map: [0x0000000011820000,0x0000000011b30000] byte_map_base: 0x0000000011320000

Marking Bits: (ParMarkBitMap*) 0x00000000712e4970
 Begin Bits: [0x0000000012130000, 0x0000000013930000)
 End Bits:   [0x0000000013930000, 0x0000000015130000)

Polling page: 0x0000000000790000

CodeCache: size=245760Kb used=4596Kb max_used=4596Kb free=241163Kb
 bounds [0x0000000002460000, 0x00000000028e0000, 0x0000000011460000]
 total_blobs=1701 nmethods=1333 adapters=281
 compilation: enabled

Compilation events (10 events):
Event: 3.066 Thread 0x0000000015dd9000 nmethod 1328 0x00000000028dd510 code [0x00000000028dd660, 0x00000000028dd750]
Event: 3.066 Thread 0x0000000015dd9000 1329       3       org.gradle.internal.service.DefaultServiceRegistry::assertValidServiceType (35 bytes)
Event: 3.066 Thread 0x0000000015dd9000 nmethod 1329 0x00000000028dd7d0 code [0x00000000028dd980, 0x00000000028ddf78]
Event: 3.066 Thread 0x0000000015dd9000 1330       3       java.lang.Class::isAnnotation (17 bytes)
Event: 3.067 Thread 0x0000000015dd9000 nmethod 1330 0x00000000028de150 code [0x00000000028de2c0, 0x00000000028de528]
Event: 3.068 Thread 0x0000000015dcb800 1331       4       java.net.URLClassLoader$1::run (5 bytes)
Event: 3.074 Thread 0x0000000015dd9000 1332       3       java.util.regex.ASCII::isType (15 bytes)
Event: 3.075 Thread 0x0000000015dd9000 nmethod 1332 0x00000000028de5d0 code [0x00000000028de740, 0x00000000028de9b0]
Event: 3.075 Thread 0x0000000015dd9000 1333       3       java.util.regex.ASCII::getType (17 bytes)
Event: 3.075 Thread 0x0000000015dd9000 nmethod 1333 0x00000000028dead0 code [0x00000000028dec40, 0x00000000028dee10]

GC Heap History (4 events):
Event: 1.097 GC heap before
{Heap before GC invocations=1 (full 0):
 PSYoungGen      total 38400K, used 33280K [0x00000000e0000000, 0x00000000e2a80000, 0x0000000100000000)
  eden space 33280K, 100% used [0x00000000e0000000,0x00000000e2080000,0x00000000e2080000)
  from space 5120K, 0% used [0x00000000e2580000,0x00000000e2580000,0x00000000e2a80000)
  to   space 5120K, 0% used [0x00000000e2080000,0x00000000e2080000,0x00000000e2580000)
 ParOldGen       total 87552K, used 0K [0x00000000a0000000, 0x00000000a5580000, 0x00000000e0000000)
  object space 87552K, 0% used [0x00000000a0000000,0x00000000a0000000,0x00000000a5580000)
 Metaspace       used 6578K, capacity 6766K, committed 7040K, reserved 1056768K
  class space    used 803K, capacity 875K, committed 896K, reserved 1048576K
Event: 1.102 GC heap after
Heap after GC invocations=1 (full 0):
 PSYoungGen      total 38400K, used 4072K [0x00000000e0000000, 0x00000000e2a80000, 0x0000000100000000)
  eden space 33280K, 0% used [0x00000000e0000000,0x00000000e0000000,0x00000000e2080000)
  from space 5120K, 79% used [0x00000000e2080000,0x00000000e247a028,0x00000000e2580000)
  to   space 5120K, 0% used [0x00000000e2580000,0x00000000e2580000,0x00000000e2a80000)
 ParOldGen       total 87552K, used 8K [0x00000000a0000000, 0x00000000a5580000, 0x00000000e0000000)
  object space 87552K, 0% used [0x00000000a0000000,0x00000000a0002000,0x00000000a5580000)
 Metaspace       used 6578K, capacity 6766K, committed 7040K, reserved 1056768K
  class space    used 803K, capacity 875K, committed 896K, reserved 1048576K
}
Event: 2.576 GC heap before
{Heap before GC invocations=2 (full 0):
 PSYoungGen      total 38400K, used 37352K [0x00000000e0000000, 0x00000000e2a80000, 0x0000000100000000)
  eden space 33280K, 100% used [0x00000000e0000000,0x00000000e2080000,0x00000000e2080000)
  from space 5120K, 79% used [0x00000000e2080000,0x00000000e247a028,0x00000000e2580000)
  to   space 5120K, 0% used [0x00000000e2580000,0x00000000e2580000,0x00000000e2a80000)
 ParOldGen       total 87552K, used 8K [0x00000000a0000000, 0x00000000a5580000, 0x00000000e0000000)
  object space 87552K, 0% used [0x00000000a0000000,0x00000000a0002000,0x00000000a5580000)
 Metaspace       used 11262K, capacity 11486K, committed 11648K, reserved 1058816K
  class space    used 1497K, capacity 1593K, committed 1664K, reserved 1048576K
Event: 2.588 GC heap after
Heap after GC invocations=2 (full 0):
 PSYoungGen      total 38400K, used 5117K [0x00000000e0000000, 0x00000000e2a80000, 0x0000000100000000)
  eden space 33280K, 0% used [0x00000000e0000000,0x00000000e0000000,0x00000000e2080000)
  from space 5120K, 99% used [0x00000000e2580000,0x00000000e2a7f590,0x00000000e2a80000)
  to   space 5120K, 0% used [0x00000000e2080000,0x00000000e2080000,0x00000000e2580000)
 ParOldGen       total 87552K, used 349K [0x00000000a0000000, 0x00000000a5580000, 0x00000000e0000000)
  object space 87552K, 0% used [0x00000000a0000000,0x00000000a0057678,0x00000000a5580000)
 Metaspace       used 11262K, capacity 11486K, committed 11648K, reserved 1058816K
  class space    used 1497K, capacity 1593K, committed 1664K, reserved 1048576K
}

Deoptimization events (10 events):
Event: 1.431 Thread 0x000000000235e800 Uncommon trap: reason=unstable_if action=reinterpret pc=0x00000000026bc374 method=java.util.HashMap.getNode(ILjava/lang/Object;)Ljava/util/HashMap$Node; @ 62
Event: 1.603 Thread 0x000000000235e800 Uncommon trap: reason=bimorphic action=maybe_recompile pc=0x000000000278c2e4 method=java.util.HashMap.putVal(ILjava/lang/Object;Ljava/lang/Object;ZZ)Ljava/lang/Object; @ 203
Event: 1.840 Thread 0x000000000235e800 Uncommon trap: reason=unstable_if action=reinterpret pc=0x000000000270cfdc method=java.io.WinNTFileSystem.normalize(Ljava/lang/String;)Ljava/lang/String; @ 128
Event: 1.840 Thread 0x000000000235e800 Uncommon trap: reason=unstable_if action=reinterpret pc=0x0000000002770c18 method=java.io.WinNTFileSystem.normalize(Ljava/lang/String;II)Ljava/lang/String; @ 90
Event: 2.602 Thread 0x0000000018a7c000 Uncommon trap: reason=unstable_if action=reinterpret pc=0x00000000027ea2a0 method=java.util.concurrent.ConcurrentHashMap.putVal(Ljava/lang/Object;Ljava/lang/Object;Z)Ljava/lang/Object; @ 206
Event: 2.721 Thread 0x0000000018d26800 Uncommon trap: reason=bimorphic action=maybe_recompile pc=0x000000000278bbf0 method=java.util.HashMap.putVal(ILjava/lang/Object;Ljava/lang/Object;ZZ)Ljava/lang/Object; @ 253
Event: 2.721 Thread 0x0000000018d26800 Uncommon trap: reason=bimorphic action=maybe_recompile pc=0x000000000278bbf0 method=java.util.HashMap.putVal(ILjava/lang/Object;Ljava/lang/Object;ZZ)Ljava/lang/Object; @ 253
Event: 2.721 Thread 0x0000000018d26800 Uncommon trap: reason=bimorphic action=maybe_recompile pc=0x000000000278bbf0 method=java.util.HashMap.putVal(ILjava/lang/Object;Ljava/lang/Object;ZZ)Ljava/lang/Object; @ 253
Event: 2.737 Thread 0x0000000018d26800 Uncommon trap: reason=class_check action=maybe_recompile pc=0x00000000026c841c method=java.util.regex.Matcher.match(II)Z @ 86
Event: 3.071 Thread 0x0000000018d26800 Uncommon trap: reason=class_check action=maybe_recompile pc=0x00000000026c841c method=java.util.regex.Matcher.match(II)Z @ 86

Classes redefined (0 events):
No events

Internal exceptions (10 events):
Event: 2.634 Thread 0x0000000018a7c000 Exception <a 'java/lang/NoSuchMethodError': <clinit>> (0x00000000e01282b0) thrown at [D:\src\AOSP-openjdk-cygwin\jdk8u\hotspot\src\share\vm\prims\jni.cpp, line 1613]
Event: 2.635 Thread 0x0000000018a7c000 Exception <a 'java/lang/NoSuchMethodError': <clinit>> (0x00000000e0130d78) thrown at [D:\src\AOSP-openjdk-cygwin\jdk8u\hotspot\src\share\vm\prims\jni.cpp, line 1613]
Event: 2.637 Thread 0x0000000018a7c000 Exception <a 'java/lang/NoSuchMethodError': <clinit>> (0x00000000e0142518) thrown at [D:\src\AOSP-openjdk-cygwin\jdk8u\hotspot\src\share\vm\prims\jni.cpp, line 1613]
Event: 2.661 Thread 0x0000000018a7c000 Exception <a 'java/lang/NoSuchMethodError': <clinit>> (0x00000000e01a7a08) thrown at [D:\src\AOSP-openjdk-cygwin\jdk8u\hotspot\src\share\vm\prims\jni.cpp, line 1613]
Event: 2.666 Thread 0x0000000018a7c000 Exception <a 'java/lang/NoSuchMethodError': <clinit>> (0x00000000e01cb0f0) thrown at [D:\src\AOSP-openjdk-cygwin\jdk8u\hotspot\src\share\vm\prims\jni.cpp, line 1613]
Event: 2.672 Thread 0x0000000018a7c000 Exception <a 'java/lang/NoSuchMethodError': <clinit>> (0x00000000e01f5330) thrown at [D:\src\AOSP-openjdk-cygwin\jdk8u\hotspot\src\share\vm\prims\jni.cpp, line 1613]
Event: 2.675 Thread 0x0000000018a7c000 Exception <a 'java/lang/NoSuchMethodError': <clinit>> (0x00000000e0202f70) thrown at [D:\src\AOSP-openjdk-cygwin\jdk8u\hotspot\src\share\vm\prims\jni.cpp, line 1613]
Event: 2.680 Thread 0x0000000018a7c000 Exception <a 'java/lang/NoSuchMethodError': <clinit>> (0x00000000e02260e8) thrown at [D:\src\AOSP-openjdk-cygwin\jdk8u\hotspot\src\share\vm\prims\jni.cpp, line 1613]
Event: 2.708 Thread 0x0000000018d26800 Exception <a 'java/lang/NoSuchMethodError': <clinit>> (0x00000000e0363160) thrown at [D:\src\AOSP-openjdk-cygwin\jdk8u\hotspot\src\share\vm\prims\jni.cpp, line 1613]
Event: 2.709 Thread 0x0000000018d26800 Exception <a 'java/lang/NoSuchMethodError': <clinit>> (0x00000000e036b3e8) thrown at [D:\src\AOSP-openjdk-cygwin\jdk8u\hotspot\src\share\vm\prims\jni.cpp, line 1613]

Events (10 events):
Event: 3.091 loading class org/gradle/cache/internal/cacheops/CacheOperationStack
Event: 3.091 loading class org/gradle/cache/internal/cacheops/CacheOperationStack done
Event: 3.092 loading class org/gradle/cache/internal/DefaultCacheFactory$DirCacheReference
Event: 3.092 loading class org/gradle/cache/internal/DefaultCacheFactory$DirCacheReference done
Event: 3.092 loading class org/gradle/cache/internal/DefaultCacheFactory$ReferenceTrackingCache
Event: 3.092 loading class org/gradle/cache/internal/DefaultCacheFactory$ReferenceTrackingCache done
Event: 3.093 loading class org/gradle/api/internal/changedetection/state/CachingFileHasher
Event: 3.093 loading class org/gradle/api/internal/changedetection/state/CachingFileHasher done
Event: 3.094 loading class org/gradle/internal/hash/DefaultFileHasher
Event: 3.094 loading class org/gradle/internal/hash/DefaultFileHasher done


Dynamic libraries:
0x00007ff6d1d60000 - 0x00007ff6d1d91000 	C:\Program Files\Android\Android Studio\jre\bin\java.exe
0x00007ffcc6300000 - 0x00007ffcc64e1000 	C:\WINDOWS\SYSTEM32\ntdll.dll
0x00007ffca0a20000 - 0x00007ffca0a54000 	C:\Program Files\AVAST Software\Avast\x64\aswhooka.dll
0x00007ffcc4750000 - 0x00007ffcc4802000 	C:\WINDOWS\System32\KERNEL32.DLL
0x00007ffcc2ff0000 - 0x00007ffcc3263000 	C:\WINDOWS\System32\KERNELBASE.dll
0x00007ffcc5c50000 - 0x00007ffcc5cf1000 	C:\WINDOWS\System32\ADVAPI32.dll
0x00007ffcc61c0000 - 0x00007ffcc625e000 	C:\WINDOWS\System32\msvcrt.dll
0x00007ffcc3790000 - 0x00007ffcc37eb000 	C:\WINDOWS\System32\sechost.dll
0x00007ffcc4100000 - 0x00007ffcc4224000 	C:\WINDOWS\System32\RPCRT4.dll
0x00007ffcc3b20000 - 0x00007ffcc3cb0000 	C:\WINDOWS\System32\USER32.dll
0x00007ffcc28c0000 - 0x00007ffcc28e0000 	C:\WINDOWS\System32\win32u.dll
0x00007ffcc3e10000 - 0x00007ffcc3e38000 	C:\WINDOWS\System32\GDI32.dll
0x00007ffcc34f0000 - 0x00007ffcc3682000 	C:\WINDOWS\System32\gdi32full.dll
0x00007ffcc36f0000 - 0x00007ffcc378f000 	C:\WINDOWS\System32\msvcp_win.dll
0x00007ffcc33f0000 - 0x00007ffcc34ea000 	C:\WINDOWS\System32\ucrtbase.dll
0x00007ffca8190000 - 0x00007ffca83f9000 	C:\WINDOWS\WinSxS\amd64_microsoft.windows.common-controls_6595b64144ccf1df_6.0.17134.285_none_fb4297e330656775\COMCTL32.dll
0x00007ffcc37f0000 - 0x00007ffcc3b13000 	C:\WINDOWS\System32\combase.dll
0x00007ffcc3370000 - 0x00007ffcc33ea000 	C:\WINDOWS\System32\bcryptPrimitives.dll
0x00007ffcc6190000 - 0x00007ffcc61bd000 	C:\WINDOWS\System32\IMM32.DLL
0x0000000070960000 - 0x0000000070a32000 	C:\Program Files\Android\Android Studio\jre\jre\bin\msvcr100.dll
0x0000000070b20000 - 0x000000007135f000 	C:\Program Files\Android\Android Studio\jre\jre\bin\server\jvm.dll
0x00007ffcc4090000 - 0x00007ffcc4098000 	C:\WINDOWS\System32\PSAPI.DLL
0x00007ffcaba90000 - 0x00007ffcaba99000 	C:\WINDOWS\SYSTEM32\WSOCK32.dll
0x00007ffcc4680000 - 0x00007ffcc46ec000 	C:\WINDOWS\System32\WS2_32.dll
0x00007ffcc0090000 - 0x00007ffcc00b3000 	C:\WINDOWS\SYSTEM32\WINMM.dll
0x00007ffcadf20000 - 0x00007ffcadf2a000 	C:\WINDOWS\SYSTEM32\VERSION.dll
0x00007ffcbfd20000 - 0x00007ffcbfd4a000 	C:\WINDOWS\SYSTEM32\WINMMBASE.dll
0x00007ffcc3270000 - 0x00007ffcc32b9000 	C:\WINDOWS\System32\cfgmgr32.dll
0x00007ffcb9e40000 - 0x00007ffcb9e4f000 	C:\Program Files\Android\Android Studio\jre\jre\bin\verify.dll
0x00007ffcb5a90000 - 0x00007ffcb5ab9000 	C:\Program Files\Android\Android Studio\jre\jre\bin\java.dll
0x00007ffcb6e30000 - 0x00007ffcb6e46000 	C:\Program Files\Android\Android Studio\jre\jre\bin\zip.dll
0x00007ffcc4810000 - 0x00007ffcc5c50000 	C:\WINDOWS\System32\SHELL32.dll
0x00007ffcc3fe0000 - 0x00007ffcc4089000 	C:\WINDOWS\System32\shcore.dll
0x00007ffcc28e0000 - 0x00007ffcc2fed000 	C:\WINDOWS\System32\windows.storage.dll
0x00007ffcc6270000 - 0x00007ffcc62c1000 	C:\WINDOWS\System32\shlwapi.dll
0x00007ffcc2690000 - 0x00007ffcc26a1000 	C:\WINDOWS\System32\kernel.appcore.dll
0x00007ffcc2620000 - 0x00007ffcc263f000 	C:\WINDOWS\System32\profapi.dll
0x00007ffcc2640000 - 0x00007ffcc268c000 	C:\WINDOWS\System32\powrprof.dll
0x00007ffcc2610000 - 0x00007ffcc261a000 	C:\WINDOWS\System32\FLTLIB.DLL
0x00007ffcb6600000 - 0x00007ffcb661a000 	C:\Program Files\Android\Android Studio\jre\jre\bin\net.dll
0x00007ffcc1e30000 - 0x00007ffcc1e96000 	C:\WINDOWS\system32\mswsock.dll
0x00007ffcb5a70000 - 0x00007ffcb5a81000 	C:\Program Files\Android\Android Studio\jre\jre\bin\nio.dll
0x00007ffcb4070000 - 0x00007ffcb408e000 	C:\Users\Administrator\.gradle\native\25\windows-amd64\native-platform.dll
0x00007ffcb9e30000 - 0x00007ffcb9e3d000 	C:\Program Files\Android\Android Studio\jre\jre\bin\management.dll
0x00007ffcc1fe0000 - 0x00007ffcc1ff7000 	C:\WINDOWS\SYSTEM32\CRYPTSP.dll
0x00007ffcc1a10000 - 0x00007ffcc1a43000 	C:\WINDOWS\system32\rsaenh.dll
0x00007ffcc2110000 - 0x00007ffcc2135000 	C:\WINDOWS\SYSTEM32\bcrypt.dll
0x00007ffcc2540000 - 0x00007ffcc2568000 	C:\WINDOWS\SYSTEM32\USERENV.dll
0x00007ffcc2000000 - 0x00007ffcc200b000 	C:\WINDOWS\SYSTEM32\CRYPTBASE.dll
0x00007ffcc1bb0000 - 0x00007ffcc1be8000 	C:\WINDOWS\SYSTEM32\IPHLPAPI.DLL
0x00007ffcc5d80000 - 0x00007ffcc5d88000 	C:\WINDOWS\System32\NSI.dll
0x00007ffcb5c20000 - 0x00007ffcb5c36000 	C:\WINDOWS\SYSTEM32\dhcpcsvc6.DLL
0x00007ffcb62d0000 - 0x00007ffcb62ea000 	C:\WINDOWS\SYSTEM32\dhcpcsvc.DLL

VM Arguments:
jvm_args: -Xmx1536m -Dfile.encoding=windows-1252 -Duser.country=US -Duser.language=en -Duser.variant 
java_command: org.gradle.launcher.daemon.bootstrap.GradleDaemon 4.4
java_class_path (initial): C:\Users\Administrator\.gradle\wrapper\dists\gradle-4.4-all\9br9xq1tocpiv8o6njlyu5op1\gradle-4.4\lib\gradle-launcher-4.4.jar
Launcher Type: SUN_STANDARD

Environment Variables:
JAVA_HOME=C:\Program Files (x86)\Java\jdk1.8.0_172
PATH=C:\Program Files (x86)\Common Files\Intel\Shared Files\cpp\bin\Intel64;C:\Program Files (x86)\Intel\iCLS Client\;C:\Program Files\Intel\iCLS Client\;C:\WINDOWS\system32;C:\WINDOWS;C:\WINDOWS\System32\Wbem;C:\WINDOWS\System32\WindowsPowerShell\v1.0\;C:\Program Files (x86)\Intel\Intel(R) Management Engine Components\DAL;C:\Program Files\Intel\Intel(R) Management Engine Components\DAL;C:\Program Files (x86)\Intel\Intel(R) Management Engine Components\IPT;C:\Program Files\Intel\Intel(R) Management Engine Components\IPT;C:\Program Files\Intel\WiFi\bin\;C:\Program Files\Common Files\Intel\WirelessCommon\;C:\Program Files\Git\cmd;C:\Program Files\dotnet\;C:\Program Files (x86)\Java\jdk1.8.0_172\bin;;C:\WINDOWS\System32\OpenSSH\;C:\Users\Administrator\AppData\Local\Microsoft\WindowsApps;
USERNAME=Administrator
OS=Windows_NT
PROCESSOR_IDENTIFIER=Intel64 Family 6 Model 78 Stepping 3, GenuineIntel



---------------  S Y S T E M  ---------------

OS: Windows 10.0 , 64 bit Build 17134 (10.0.17134.1)

CPU:total 4 (initial active 4) (2 cores per cpu, 2 threads per core) family 6 model 78 stepping 3, cmov, cx8, fxsr, mmx, sse, sse2, sse3, ssse3, sse4.1, sse4.2, popcnt, avx, avx2, aes, clmul, erms, 3dnowpref, lzcnt, ht, tsc, tscinvbit, bmi1, bmi2, adx

Memory: 4k page, physical 8266336k(835756k free), swap 10217056k(5956k free)

vm_info: OpenJDK 64-Bit Server VM (25.152-b02) for windows-amd64 JRE (1.8.0_152-release-1024-b02), built by "builder" with MS VC++ 10.0 (VS2010)

time: Sat Oct 06 20:34:40 2018
elapsed time: 3 seconds (0d 0h 0m 3s)

